<?xml version="1.0" encoding="UTF-8" ?>
<testsuite tests="61" failures="0" name="ISO2_2022_BC02_Mantenimiento_P2.Mantenimiento_P2.TrianguloTest" time="0.032" errors="0" skipped="0">
  <properties>
[...]
</properties>
  <testcase classname="ISO2_2022_BC02_Mantenimiento_P2.Mantenimiento_P2.TrianguloTest" name="testSetA2numMas360" time="0.009"/>
  <testcase classname="ISO2_2022_BC02_Mantenimiento_P2.Mantenimiento_P2.TrianguloTest" name="testComprobarIntString" time="0"/>
  <testcase classname="ISO2_2022_BC02_Mantenimiento_P2.Mantenimiento_P2.TrianguloTest" name="testSetA1numMas360" time="0"/>
  <testcase classname="ISO2_2022_BC02_Mantenimiento_P2.Mantenimiento_P2.TrianguloTest" name="testSetL1numCero" time="0"/>
  <testcase classname="ISO2_2022_BC02_Mantenimiento_P2.Mantenimiento_P2.TrianguloTest" name="testSetL1numLong" time="0"/>
  <testcase classname="ISO2_2022_BC02_Mantenimiento_P2.Mantenimiento_P2.TrianguloTest" name="testSetA2String" time="0"/>
  <testcase classname="ISO2_2022_BC02_Mantenimiento_P2.Mantenimiento_P2.TrianguloTest" name="testSetA3num_0_180" time="0"/>
  <testcase classname="ISO2_2022_BC02_Mantenimiento_P2.Mantenimiento_P2.TrianguloTest" name="testSetA2numLong" time="0"/>
  <testcase classname="ISO2_2022_BC02_Mantenimiento_P2.Mantenimiento_P2.TrianguloTest" name="testSetA3numEnteroPositivo" time="0"/>
  <testcase classname="ISO2_2022_BC02_Mantenimiento_P2.Mantenimiento_P2.TrianguloTest" name="testSetA2num_0_180" time="0"/>
  <testcase classname="ISO2_2022_BC02_Mantenimiento_P2.Mantenimiento_P2.TrianguloTest" name="testClasificarPorLados" time="0"/>
  <testcase classname="ISO2_2022_BC02_Mantenimiento_P2.Mantenimiento_P2.TrianguloTest" name="testComprobarLadoString" time="0"/>
  <testcase classname="ISO2_2022_BC02_Mantenimiento_P2.Mantenimiento_P2.TrianguloTest" name="testSetA1num_0_180" time="0"/>
  <testcase classname="ISO2_2022_BC02_Mantenimiento_P2.Mantenimiento_P2.TrianguloTest" name="testGetA1" time="0"/>
  <testcase classname="ISO2_2022_BC02_Mantenimiento_P2.Mantenimiento_P2.TrianguloTest" name="testGetA2" time="0"/>
  <testcase classname="ISO2_2022_BC02_Mantenimiento_P2.Mantenimiento_P2.TrianguloTest" name="testGetA3" time="0.001"/>
  <testcase classname="ISO2_2022_BC02_Mantenimiento_P2.Mantenimiento_P2.TrianguloTest" name="testGetL1" time="0"/>
  <testcase classname="ISO2_2022_BC02_Mantenimiento_P2.Mantenimiento_P2.TrianguloTest" name="testGetL2" time="0"/>
  <testcase classname="ISO2_2022_BC02_Mantenimiento_P2.Mantenimiento_P2.TrianguloTest" name="testGetL3" time="0"/>
  <testcase classname="ISO2_2022_BC02_Mantenimiento_P2.Mantenimiento_P2.TrianguloTest" name="testSetA3String" time="0.001"/>
  <testcase classname="ISO2_2022_BC02_Mantenimiento_P2.Mantenimiento_P2.TrianguloTest" name="testSetA2numEnteroPositivo" time="0"/>
  <testcase classname="ISO2_2022_BC02_Mantenimiento_P2.Mantenimiento_P2.TrianguloTest" name="testSetL1String" time="0"/>
  <testcase classname="ISO2_2022_BC02_Mantenimiento_P2.Mantenimiento_P2.TrianguloTest" name="testComprobarIntPositivo" time="0"/>
  <testcase classname="ISO2_2022_BC02_Mantenimiento_P2.Mantenimiento_P2.TrianguloTest" name="testComprobarIntNegativo" time="0.001"/>
  <testcase classname="ISO2_2022_BC02_Mantenimiento_P2.Mantenimiento_P2.TrianguloTest" name="testSetA1numNegativo" time="0.001"/>
  <testcase classname="ISO2_2022_BC02_Mantenimiento_P2.Mantenimiento_P2.TrianguloTest" name="testSetTipoAngulos" time="0.001"/>
  <testcase classname="ISO2_2022_BC02_Mantenimiento_P2.Mantenimiento_P2.TrianguloTest" name="testGetTipoLados" time="0.001"/>
  <testcase classname="ISO2_2022_BC02_Mantenimiento_P2.Mantenimiento_P2.TrianguloTest" name="testSetA2numNegativo" time="0.001"/>
  <testcase classname="ISO2_2022_BC02_Mantenimiento_P2.Mantenimiento_P2.TrianguloTest" name="testSetA3numNegativo" time="0.001"/>
  <testcase classname="ISO2_2022_BC02_Mantenimiento_P2.Mantenimiento_P2.TrianguloTest" name="testTriangulo" time="0.002"/>
  <testcase classname="ISO2_2022_BC02_Mantenimiento_P2.Mantenimiento_P2.TrianguloTest" name="testSetL2numCero" time="0.002"/>
  <testcase classname="ISO2_2022_BC02_Mantenimiento_P2.Mantenimiento_P2.TrianguloTest" name="testSetL2numLong" time="0.001"/>
  <testcase classname="ISO2_2022_BC02_Mantenimiento_P2.Mantenimiento_P2.TrianguloTest" name="testSetA3numLong" time="0"/>
  <testcase classname="ISO2_2022_BC02_Mantenimiento_P2.Mantenimiento_P2.TrianguloTest" name="testComprobarAngulo0_180" time="0"/>
  <testcase classname="ISO2_2022_BC02_Mantenimiento_P2.Mantenimiento_P2.TrianguloTest" name="testSetL2String" time="0.001"/>
  <testcase classname="ISO2_2022_BC02_Mantenimiento_P2.Mantenimiento_P2.TrianguloTest" name="testSetA1numEnteroPositivo" time="0.001"/>
  <testcase classname="ISO2_2022_BC02_Mantenimiento_P2.Mantenimiento_P2.TrianguloTest" name="testSetL1numPositivo" time="0.001"/>
  <testcase classname="ISO2_2022_BC02_Mantenimiento_P2.Mantenimiento_P2.TrianguloTest" name="testSetL2numPositivo" time="0"/>
  <testcase classname="ISO2_2022_BC02_Mantenimiento_P2.Mantenimiento_P2.TrianguloTest" name="testComprobarAnguloString" time="0.001"/>
  <testcase classname="ISO2_2022_BC02_Mantenimiento_P2.Mantenimiento_P2.TrianguloTest" name="testSetL1numNegativo" time="0"/>
  <testcase classname="ISO2_2022_BC02_Mantenimiento_P2.Mantenimiento_P2.TrianguloTest" name="testSetL3numPositivo" time="0"/>
  <testcase classname="ISO2_2022_BC02_Mantenimiento_P2.Mantenimiento_P2.TrianguloTest" name="testSetL2numNegativo" time="0"/>
  <testcase classname="ISO2_2022_BC02_Mantenimiento_P2.Mantenimiento_P2.TrianguloTest" name="testSetA1numLong" time="0"/>
  <testcase classname="ISO2_2022_BC02_Mantenimiento_P2.Mantenimiento_P2.TrianguloTest" name="testClasificarPorAngulos" time="0.001"/>
  <testcase classname="ISO2_2022_BC02_Mantenimiento_P2.Mantenimiento_P2.TrianguloTest" name="testSetL3numNegativo" time="0"/>
  <testcase classname="ISO2_2022_BC02_Mantenimiento_P2.Mantenimiento_P2.TrianguloTest" name="testSetL3String" time="0"/>
  <testcase classname="ISO2_2022_BC02_Mantenimiento_P2.Mantenimiento_P2.TrianguloTest" name="testComprobarIntCero" time="0"/>
  <testcase classname="ISO2_2022_BC02_Mantenimiento_P2.Mantenimiento_P2.TrianguloTest" name="testComprobarIntLong" time="0"/>
  <testcase classname="ISO2_2022_BC02_Mantenimiento_P2.Mantenimiento_P2.TrianguloTest" name="testComprobarLadoCero" time="0.001"/>
  <testcase classname="ISO2_2022_BC02_Mantenimiento_P2.Mantenimiento_P2.TrianguloTest" name="testComprobarLadoLong" time="0"/>
  <testcase classname="ISO2_2022_BC02_Mantenimiento_P2.Mantenimiento_P2.TrianguloTest" name="testSetTipoLados" time="0"/>
  <testcase classname="ISO2_2022_BC02_Mantenimiento_P2.Mantenimiento_P2.TrianguloTest" name="testGetTipoAngulos" time="0"/>
  <testcase classname="ISO2_2022_BC02_Mantenimiento_P2.Mantenimiento_P2.TrianguloTest" name="testComprobarAnguloLong" time="0"/>
  <testcase classname="ISO2_2022_BC02_Mantenimiento_P2.Mantenimiento_P2.TrianguloTest" name="testSetA1String" time="0.001"/>
  <testcase classname="ISO2_2022_BC02_Mantenimiento_P2.Mantenimiento_P2.TrianguloTest" name="testSetL3numCero" time="0"/>
  <testcase classname="ISO2_2022_BC02_Mantenimiento_P2.Mantenimiento_P2.TrianguloTest" name="testSetL3numLong" time="0.001"/>
  <testcase classname="ISO2_2022_BC02_Mantenimiento_P2.Mantenimiento_P2.TrianguloTest" name="testComprobarAnguloPositivo" time="0"/>
  <testcase classname="ISO2_2022_BC02_Mantenimiento_P2.Mantenimiento_P2.TrianguloTest" name="testComprobarLadoPositivo" time="0.001"/>
  <testcase classname="ISO2_2022_BC02_Mantenimiento_P2.Mantenimiento_P2.TrianguloTest" name="testComprobarAnguloNegativo" time="0"/>
  <testcase classname="ISO2_2022_BC02_Mantenimiento_P2.Mantenimiento_P2.TrianguloTest" name="testComprobarLadoNegativo" time="0"/>
  <testcase classname="ISO2_2022_BC02_Mantenimiento_P2.Mantenimiento_P2.TrianguloTest" name="testSetA3numMas360" time="0.001"/>
</testsuite>