GROUP,PACKAGE,CLASS,INSTRUCTION_MISSED,INSTRUCTION_COVERED,BRANCH_MISSED,BRANCH_COVERED,LINE_MISSED,LINE_COVERED,COMPLEXITY_MISSED,COMPLEXITY_COVERED,METHOD_MISSED,METHOD_COVERED
Testing_P2,ISO2_2022_BC02_Testing_P2.Testing_P2,Triangulo,10,230,4,54,2,62,3,48,0,22
Testing_P2,ISO2_2022_BC02_Testing_P2.Testing_P2,segunLados,0,34,0,0,0,2,0,1,0,1
Testing_P2,ISO2_2022_BC02_Testing_P2.Testing_P2,anguloNoValido,0,4,0,0,0,2,0,1,0,1
Testing_P2,ISO2_2022_BC02_Testing_P2.Testing_P2,numCero,0,4,0,0,0,2,0,1,0,1
Testing_P2,ISO2_2022_BC02_Testing_P2.Testing_P2,segunAngulos,0,34,0,0,0,2,0,1,0,1
Testing_P2,ISO2_2022_BC02_Testing_P2.Testing_P2,numNegativo,0,4,0,0,0,2,0,1,0,1
