<!DOCTYPE html>
<!--
 | Generated by Apache Maven Doxia Site Renderer 1.11.1 from org.apache.maven.plugins:maven-surefire-report-plugin:3.0.0-M7:report at 2022-12-20

 | Rendered using Apache Maven Default Skin
-->
<html xmlns="http://www.w3.org/1999/xhtml" xml:lang="en" lang="en">
  <head>
    <meta charset="UTF-8" />
    <meta name="viewport" content="width=device-width, initial-scale=1.0" />
    <meta name="generator" content="Apache Maven Doxia Site Renderer 1.11.1" />
    <title>Testing_P2 &#x2013; Surefire Report</title>
    <link rel="stylesheet" href="./css/maven-base.css" />
    <link rel="stylesheet" href="./css/maven-theme.css" />
    <link rel="stylesheet" href="./css/site.css" />
    <link rel="stylesheet" href="./css/print.css" media="print" />
  </head>
  <body class="composite">
    <div id="banner">
<div id="bannerLeft">Testing_P2
</div>
      <div class="clear">
        <hr/>
      </div>
    </div>
    <div id="breadcrumbs">
      <div class="xleft">
        <span id="publishDate">Last Published: 2022-12-20</span>
           | <span id="projectVersion">Version: 0.0.1-SNAPSHOT</span>
      </div>
      <div class="xright"><a href="./" title="Testing_P2">Testing_P2</a>      </div>
      <div class="clear">
        <hr/>
      </div>
    </div>
    <div id="leftColumn">
      <div id="navcolumn">
       <h5>Project Documentation</h5>
    <ul>
     <li class="collapsed"><a href="project-info.html" title="Project Information">Project Information</a></li>
     <li class="expanded"><a href="project-reports.html" title="Project Reports">Project Reports</a>
      <ul>
       <li class="none"><a href="xref/index.html" title="Source Xref">Source Xref</a></li>
       <li class="none"><a href="xref-test/index.html" title="Test Source Xref">Test Source Xref</a></li>
       <li class="none"><strong>Surefire Report</strong></li>
       <li class="none"><a href="jacoco/index.html" title="JaCoCo">JaCoCo</a></li>
      </ul></li>
    </ul>
      <a href="http://maven.apache.org/" title="Built by Maven" class="poweredBy">
        <img class="poweredBy" alt="Built by Maven" src="./images/logos/maven-feather.png" />
      </a>
      </div>
    </div>
    <div id="bodyColumn">
      <div id="contentBox">
<script type="application/javascript">
//<![CDATA[
function toggleDisplay(elementId) {
 var elm = document.getElementById(elementId + '-error');
 if (elm == null) {
  elm = document.getElementById(elementId + '-failure');
 }
 if (elm && typeof elm.style != "undefined") {
  if (elm.style.display == "none") {
   elm.style.display = "";
   document.getElementById(elementId + '-off').style.display = "none";
   document.getElementById(elementId + '-on').style.display = "inline";
  } else if (elm.style.display == "") {   elm.style.display = "none";
   document.getElementById(elementId + '-off').style.display = "inline";
   document.getElementById(elementId + '-on').style.display = "none";
  } 
 } 
 }
//]]>
</script><section>
<h2><a name="Surefire_Report"></a>Surefire Report</h2></section><section>
<h2><a name="Summary"></a>Summary</h2><a name="Summary"></a>
<p>[<a href="#Summary">Summary</a>] [<a href="#Package_List">Package List</a>] [<a href="#Test_Cases">Test Cases</a>]</p><br />
<table border="1" class="bodyTable">
<tr class="a">
<th>Tests</th>
<th>Errors</th>
<th>Failures</th>
<th>Skipped</th>
<th>Success Rate</th>
<th>Time</th></tr>
<tr class="b">
<td align="left">61</td>
<td align="left">16</td>
<td align="left">2</td>
<td align="left">0</td>
<td align="left">70.492%</td>
<td align="left">0.114</td></tr></table><br />
<p>Note: failures are anticipated and checked for with assertions while errors are unanticipated.</p><br /></section><section>
<h2><a name="Package_List"></a>Package List</h2><a name="Package_List"></a>
<p>[<a href="#Summary">Summary</a>] [<a href="#Package_List">Package List</a>] [<a href="#Test_Cases">Test Cases</a>]</p><br />
<table border="1" class="bodyTable">
<tr class="a">
<th>Package</th>
<th>Tests</th>
<th>Errors</th>
<th>Failures</th>
<th>Skipped</th>
<th>Success Rate</th>
<th>Time</th></tr>
<tr class="b">
<td align="left"><a href="#ISO2_2022_BC02_Testing_P2.Testing_P2">ISO2_2022_BC02_Testing_P2.Testing_P2</a></td>
<td align="left">61</td>
<td align="left">16</td>
<td align="left">2</td>
<td align="left">0</td>
<td align="left">70.492%</td>
<td align="left">0.114</td></tr></table><br />
<p>Note: package statistics are not computed recursively, they only sum up all of its testsuites numbers.</p><section>
<h3><a name="ISO2_2022_BC02_Testing_P2.Testing_P2"></a>ISO2_2022_BC02_Testing_P2.Testing_P2</h3><a name="ISO2_2022_BC02_Testing_P2.Testing_P2"></a>
<table border="1" class="bodyTable">
<tr class="a">
<th></th>
<th>Class</th>
<th>Tests</th>
<th>Errors</th>
<th>Failures</th>
<th>Skipped</th>
<th>Success Rate</th>
<th>Time</th></tr>
<tr class="b">
<td align="left"><a href="#ISO2_2022_BC02_Testing_P2.Testing_P2.TrianguloTest"><figure><img src="images/icon_error_sml.gif" alt="" /></figure></a></td>
<td align="left"><a href="#ISO2_2022_BC02_Testing_P2.Testing_P2.TrianguloTest">TrianguloTest</a></td>
<td align="left">61</td>
<td align="left">16</td>
<td align="left">2</td>
<td align="left">0</td>
<td align="left">70.492%</td>
<td align="left">0.114</td></tr></table></section><br /></section><section>
<h2><a name="Test_Cases"></a>Test Cases</h2><a name="Test_Cases"></a>
<p>[<a href="#Summary">Summary</a>] [<a href="#Package_List">Package List</a>] [<a href="#Test_Cases">Test Cases</a>]</p><section>
<h3><a name="TrianguloTest"></a>TrianguloTest</h3><a name="ISO2_2022_BC02_Testing_P2.Testing_P2.TrianguloTest"></a>
<table border="1" class="bodyTable">
<tr class="a">
<td align="left"><figure><img src="images/icon_success_sml.gif" alt="" /></figure></td>
<td align="left"><a name="TC_ISO2_2022_BC02_Testing_P2.Testing_P2.TrianguloTest.testSetA2numMas360"></a>testSetA2numMas360</td>
<td align="left">0.015</td></tr>
<tr class="b">
<td align="left"><figure><img src="images/icon_success_sml.gif" alt="" /></figure></td>
<td align="left"><a name="TC_ISO2_2022_BC02_Testing_P2.Testing_P2.TrianguloTest.testComprobarIntString"></a>testComprobarIntString</td>
<td align="left">0.004</td></tr>
<tr class="a">
<td align="left"><figure><img src="images/icon_success_sml.gif" alt="" /></figure></td>
<td align="left"><a name="TC_ISO2_2022_BC02_Testing_P2.Testing_P2.TrianguloTest.testSetA1numMas360"></a>testSetA1numMas360</td>
<td align="left">0.001</td></tr>
<tr class="b">
<td align="left"><figure><img src="images/icon_success_sml.gif" alt="" /></figure></td>
<td align="left"><a name="TC_ISO2_2022_BC02_Testing_P2.Testing_P2.TrianguloTest.testSetL1numCero"></a>testSetL1numCero</td>
<td align="left">0</td></tr>
<tr class="a">
<td align="left"><a href="#ISO2_2022_BC02_Testing_P2.Testing_P2.TrianguloTest.testSetL1numLong"><figure><img src="images/icon_error_sml.gif" alt="" /></figure></a></td>
<td align="left"><a name="TC_ISO2_2022_BC02_Testing_P2.Testing_P2.TrianguloTest.testSetL1numLong"></a><a href="#ISO2_2022_BC02_Testing_P2.Testing_P2.TrianguloTest.testSetL1numLong">testSetL1numLong</a>
<div class="detailToggle" style="display:inline"><a href="javascript:toggleDisplay('ISO2_2022_BC02_Testing_P2.Testing_P2.TrianguloTest.testSetL1numLong');"><span style="display:inline;" id="ISO2_2022_BC02_Testing_P2.Testing_P2.TrianguloTest.testSetL1numLong-off"> + </span><span style="display:none;" id="ISO2_2022_BC02_Testing_P2.Testing_P2.TrianguloTest.testSetL1numLong-on"> - </span>[ Detail ]</a></div></td>
<td align="left">0.037</td></tr>
<tr class="b">
<td align="left"></td>
<td align="left">El lado no puede medir cero.</td>
<td align="left"></td></tr>
<tr class="a">
<td align="left"></td>
<td align="left">
<div id="ISO2_2022_BC02_Testing_P2.Testing_P2.TrianguloTest.testSetL1numLong-error" style="display:none;">
<div>
<pre>ISO2_2022_BC02_Testing_P2.Testing_P2.numCero: El lado no puede medir cero.
	at ISO2_2022_BC02_Testing_P2.Testing_P2.Triangulo.comprobarLado(Triangulo.java:89)
	at ISO2_2022_BC02_Testing_P2.Testing_P2.Triangulo.setL1(Triangulo.java:25)
	at ISO2_2022_BC02_Testing_P2.Testing_P2.TrianguloTest.testSetL1numLong(TrianguloTest.java:75)
	at sun.reflect.NativeMethodAccessorImpl.invoke0(Native Method)
	at sun.reflect.NativeMethodAccessorImpl.invoke(NativeMethodAccessorImpl.java:62)
	at sun.reflect.DelegatingMethodAccessorImpl.invoke(DelegatingMethodAccessorImpl.java:43)
	at java.lang.reflect.Method.invoke(Method.java:498)
	at org.junit.runners.model.FrameworkMethod$1.runReflectiveCall(FrameworkMethod.java:59)
	at org.junit.internal.runners.model.ReflectiveCallable.run(ReflectiveCallable.java:12)
	at org.junit.runners.model.FrameworkMethod.invokeExplosively(FrameworkMethod.java:56)
	at org.junit.internal.runners.statements.InvokeMethod.evaluate(InvokeMethod.java:17)
	at org.junit.runners.ParentRunner$3.evaluate(ParentRunner.java:306)
	at org.junit.runners.BlockJUnit4ClassRunner$1.evaluate(BlockJUnit4ClassRunner.java:100)
	at org.junit.runners.ParentRunner.runLeaf(ParentRunner.java:366)
	at org.junit.runners.BlockJUnit4ClassRunner.runChild(BlockJUnit4ClassRunner.java:103)
	at org.junit.runners.BlockJUnit4ClassRunner.runChild(BlockJUnit4ClassRunner.java:63)
	at org.junit.runners.ParentRunner$4.run(ParentRunner.java:331)
	at org.junit.runners.ParentRunner$1.schedule(ParentRunner.java:79)
	at org.junit.runners.ParentRunner.runChildren(ParentRunner.java:329)
	at org.junit.runners.ParentRunner.access$100(ParentRunner.java:66)
	at org.junit.runners.ParentRunner$2.evaluate(ParentRunner.java:293)
	at org.junit.runners.ParentRunner$3.evaluate(ParentRunner.java:306)
	at org.junit.runners.ParentRunner.run(ParentRunner.java:413)
	at org.apache.maven.surefire.junit4.JUnit4Provider.execute(JUnit4Provider.java:252)
	at org.apache.maven.surefire.junit4.JUnit4Provider.executeTestSet(JUnit4Provider.java:141)
	at org.apache.maven.surefire.junit4.JUnit4Provider.invoke(JUnit4Provider.java:112)
	at sun.reflect.NativeMethodAccessorImpl.invoke0(Native Method)
	at sun.reflect.NativeMethodAccessorImpl.invoke(NativeMethodAccessorImpl.java:62)
	at sun.reflect.DelegatingMethodAccessorImpl.invoke(DelegatingMethodAccessorImpl.java:43)
	at java.lang.reflect.Method.invoke(Method.java:498)
	at org.apache.maven.surefire.util.ReflectionUtils.invokeMethodWithArray(ReflectionUtils.java:189)
	at org.apache.maven.surefire.booter.ProviderFactory$ProviderProxy.invoke(ProviderFactory.java:165)
	at org.apache.maven.surefire.booter.ProviderFactory.invokeProvider(ProviderFactory.java:85)
	at org.apache.maven.surefire.booter.ForkedBooter.runSuitesInProcess(ForkedBooter.java:115)
	at org.apache.maven.surefire.booter.ForkedBooter.main(ForkedBooter.java:75)
</pre></div></div></td>
<td align="left"></td></tr>
<tr class="b">
<td align="left"><a href="#ISO2_2022_BC02_Testing_P2.Testing_P2.TrianguloTest.testSetA2String"><figure><img src="images/icon_error_sml.gif" alt="" /></figure></a></td>
<td align="left"><a name="TC_ISO2_2022_BC02_Testing_P2.Testing_P2.TrianguloTest.testSetA2String"></a><a href="#ISO2_2022_BC02_Testing_P2.Testing_P2.TrianguloTest.testSetA2String">testSetA2String</a>
<div class="detailToggle" style="display:inline"><a href="javascript:toggleDisplay('ISO2_2022_BC02_Testing_P2.Testing_P2.TrianguloTest.testSetA2String');"><span style="display:inline;" id="ISO2_2022_BC02_Testing_P2.Testing_P2.TrianguloTest.testSetA2String-off"> + </span><span style="display:none;" id="ISO2_2022_BC02_Testing_P2.Testing_P2.TrianguloTest.testSetA2String-on"> - </span>[ Detail ]</a></div></td>
<td align="left">0</td></tr>
<tr class="a">
<td align="left"></td>
<td align="left">El &#xe1;ngulo no puede ser 0.</td>
<td align="left"></td></tr>
<tr class="b">
<td align="left"></td>
<td align="left">
<div id="ISO2_2022_BC02_Testing_P2.Testing_P2.TrianguloTest.testSetA2String-error" style="display:none;">
<div>
<pre>ISO2_2022_BC02_Testing_P2.Testing_P2.anguloNoValido: El &#xe1;ngulo no puede ser 0.
	at ISO2_2022_BC02_Testing_P2.Testing_P2.Triangulo.comprobarAngulo(Triangulo.java:101)
	at ISO2_2022_BC02_Testing_P2.Testing_P2.Triangulo.setA2(Triangulo.java:57)
	at ISO2_2022_BC02_Testing_P2.Testing_P2.TrianguloTest.testSetA2String(TrianguloTest.java:394)
	at sun.reflect.NativeMethodAccessorImpl.invoke0(Native Method)
	at sun.reflect.NativeMethodAccessorImpl.invoke(NativeMethodAccessorImpl.java:62)
	at sun.reflect.DelegatingMethodAccessorImpl.invoke(DelegatingMethodAccessorImpl.java:43)
	at java.lang.reflect.Method.invoke(Method.java:498)
	at org.junit.runners.model.FrameworkMethod$1.runReflectiveCall(FrameworkMethod.java:59)
	at org.junit.internal.runners.model.ReflectiveCallable.run(ReflectiveCallable.java:12)
	at org.junit.runners.model.FrameworkMethod.invokeExplosively(FrameworkMethod.java:56)
	at org.junit.internal.runners.statements.InvokeMethod.evaluate(InvokeMethod.java:17)
	at org.junit.runners.ParentRunner$3.evaluate(ParentRunner.java:306)
	at org.junit.runners.BlockJUnit4ClassRunner$1.evaluate(BlockJUnit4ClassRunner.java:100)
	at org.junit.runners.ParentRunner.runLeaf(ParentRunner.java:366)
	at org.junit.runners.BlockJUnit4ClassRunner.runChild(BlockJUnit4ClassRunner.java:103)
	at org.junit.runners.BlockJUnit4ClassRunner.runChild(BlockJUnit4ClassRunner.java:63)
	at org.junit.runners.ParentRunner$4.run(ParentRunner.java:331)
	at org.junit.runners.ParentRunner$1.schedule(ParentRunner.java:79)
	at org.junit.runners.ParentRunner.runChildren(ParentRunner.java:329)
	at org.junit.runners.ParentRunner.access$100(ParentRunner.java:66)
	at org.junit.runners.ParentRunner$2.evaluate(ParentRunner.java:293)
	at org.junit.runners.ParentRunner$3.evaluate(ParentRunner.java:306)
	at org.junit.runners.ParentRunner.run(ParentRunner.java:413)
	at org.apache.maven.surefire.junit4.JUnit4Provider.execute(JUnit4Provider.java:252)
	at org.apache.maven.surefire.junit4.JUnit4Provider.executeTestSet(JUnit4Provider.java:141)
	at org.apache.maven.surefire.junit4.JUnit4Provider.invoke(JUnit4Provider.java:112)
	at sun.reflect.NativeMethodAccessorImpl.invoke0(Native Method)
	at sun.reflect.NativeMethodAccessorImpl.invoke(NativeMethodAccessorImpl.java:62)
	at sun.reflect.DelegatingMethodAccessorImpl.invoke(DelegatingMethodAccessorImpl.java:43)
	at java.lang.reflect.Method.invoke(Method.java:498)
	at org.apache.maven.surefire.util.ReflectionUtils.invokeMethodWithArray(ReflectionUtils.java:189)
	at org.apache.maven.surefire.booter.ProviderFactory$ProviderProxy.invoke(ProviderFactory.java:165)
	at org.apache.maven.surefire.booter.ProviderFactory.invokeProvider(ProviderFactory.java:85)
	at org.apache.maven.surefire.booter.ForkedBooter.runSuitesInProcess(ForkedBooter.java:115)
	at org.apache.maven.surefire.booter.ForkedBooter.main(ForkedBooter.java:75)</pre></div></div></td>
<td align="left"></td></tr>
<tr class="a">
<td align="left"><figure><img src="images/icon_success_sml.gif" alt="" /></figure></td>
<td align="left"><a name="TC_ISO2_2022_BC02_Testing_P2.Testing_P2.TrianguloTest.testSetA3num_0_180"></a>testSetA3num_0_180</td>
<td align="left">0</td></tr>
<tr class="b">
<td align="left"><a href="#ISO2_2022_BC02_Testing_P2.Testing_P2.TrianguloTest.testSetA2numLong"><figure><img src="images/icon_error_sml.gif" alt="" /></figure></a></td>
<td align="left"><a name="TC_ISO2_2022_BC02_Testing_P2.Testing_P2.TrianguloTest.testSetA2numLong"></a><a href="#ISO2_2022_BC02_Testing_P2.Testing_P2.TrianguloTest.testSetA2numLong">testSetA2numLong</a>
<div class="detailToggle" style="display:inline"><a href="javascript:toggleDisplay('ISO2_2022_BC02_Testing_P2.Testing_P2.TrianguloTest.testSetA2numLong');"><span style="display:inline;" id="ISO2_2022_BC02_Testing_P2.Testing_P2.TrianguloTest.testSetA2numLong-off"> + </span><span style="display:none;" id="ISO2_2022_BC02_Testing_P2.Testing_P2.TrianguloTest.testSetA2numLong-on"> - </span>[ Detail ]</a></div></td>
<td align="left">0.001</td></tr>
<tr class="a">
<td align="left"></td>
<td align="left">El &#xe1;ngulo no puede ser 0.</td>
<td align="left"></td></tr>
<tr class="b">
<td align="left"></td>
<td align="left">
<div id="ISO2_2022_BC02_Testing_P2.Testing_P2.TrianguloTest.testSetA2numLong-error" style="display:none;">
<div>
<pre>ISO2_2022_BC02_Testing_P2.Testing_P2.anguloNoValido: El &#xe1;ngulo no puede ser 0.
	at ISO2_2022_BC02_Testing_P2.Testing_P2.Triangulo.comprobarAngulo(Triangulo.java:101)
	at ISO2_2022_BC02_Testing_P2.Testing_P2.Triangulo.setA2(Triangulo.java:57)
	at ISO2_2022_BC02_Testing_P2.Testing_P2.TrianguloTest.testSetA2numLong(TrianguloTest.java:403)
	at sun.reflect.NativeMethodAccessorImpl.invoke0(Native Method)
	at sun.reflect.NativeMethodAccessorImpl.invoke(NativeMethodAccessorImpl.java:62)
	at sun.reflect.DelegatingMethodAccessorImpl.invoke(DelegatingMethodAccessorImpl.java:43)
	at java.lang.reflect.Method.invoke(Method.java:498)
	at org.junit.runners.model.FrameworkMethod$1.runReflectiveCall(FrameworkMethod.java:59)
	at org.junit.internal.runners.model.ReflectiveCallable.run(ReflectiveCallable.java:12)
	at org.junit.runners.model.FrameworkMethod.invokeExplosively(FrameworkMethod.java:56)
	at org.junit.internal.runners.statements.InvokeMethod.evaluate(InvokeMethod.java:17)
	at org.junit.runners.ParentRunner$3.evaluate(ParentRunner.java:306)
	at org.junit.runners.BlockJUnit4ClassRunner$1.evaluate(BlockJUnit4ClassRunner.java:100)
	at org.junit.runners.ParentRunner.runLeaf(ParentRunner.java:366)
	at org.junit.runners.BlockJUnit4ClassRunner.runChild(BlockJUnit4ClassRunner.java:103)
	at org.junit.runners.BlockJUnit4ClassRunner.runChild(BlockJUnit4ClassRunner.java:63)
	at org.junit.runners.ParentRunner$4.run(ParentRunner.java:331)
	at org.junit.runners.ParentRunner$1.schedule(ParentRunner.java:79)
	at org.junit.runners.ParentRunner.runChildren(ParentRunner.java:329)
	at org.junit.runners.ParentRunner.access$100(ParentRunner.java:66)
	at org.junit.runners.ParentRunner$2.evaluate(ParentRunner.java:293)
	at org.junit.runners.ParentRunner$3.evaluate(ParentRunner.java:306)
	at org.junit.runners.ParentRunner.run(ParentRunner.java:413)
	at org.apache.maven.surefire.junit4.JUnit4Provider.execute(JUnit4Provider.java:252)
	at org.apache.maven.surefire.junit4.JUnit4Provider.executeTestSet(JUnit4Provider.java:141)
	at org.apache.maven.surefire.junit4.JUnit4Provider.invoke(JUnit4Provider.java:112)
	at sun.reflect.NativeMethodAccessorImpl.invoke0(Native Method)
	at sun.reflect.NativeMethodAccessorImpl.invoke(NativeMethodAccessorImpl.java:62)
	at sun.reflect.DelegatingMethodAccessorImpl.invoke(DelegatingMethodAccessorImpl.java:43)
	at java.lang.reflect.Method.invoke(Method.java:498)
	at org.apache.maven.surefire.util.ReflectionUtils.invokeMethodWithArray(ReflectionUtils.java:189)
	at org.apache.maven.surefire.booter.ProviderFactory$ProviderProxy.invoke(ProviderFactory.java:165)
	at org.apache.maven.surefire.booter.ProviderFactory.invokeProvider(ProviderFactory.java:85)
	at org.apache.maven.surefire.booter.ForkedBooter.runSuitesInProcess(ForkedBooter.java:115)
	at org.apache.maven.surefire.booter.ForkedBooter.main(ForkedBooter.java:75)</pre></div></div></td>
<td align="left"></td></tr>
<tr class="a">
<td align="left"><figure><img src="images/icon_success_sml.gif" alt="" /></figure></td>
<td align="left"><a name="TC_ISO2_2022_BC02_Testing_P2.Testing_P2.TrianguloTest.testSetA3numEnteroPositivo"></a>testSetA3numEnteroPositivo</td>
<td align="left">0</td></tr>
<tr class="b">
<td align="left"><figure><img src="images/icon_success_sml.gif" alt="" /></figure></td>
<td align="left"><a name="TC_ISO2_2022_BC02_Testing_P2.Testing_P2.TrianguloTest.testSetA2num_0_180"></a>testSetA2num_0_180</td>
<td align="left">0</td></tr>
<tr class="a">
<td align="left"><figure><img src="images/icon_success_sml.gif" alt="" /></figure></td>
<td align="left"><a name="TC_ISO2_2022_BC02_Testing_P2.Testing_P2.TrianguloTest.testClasificarPorLados"></a>testClasificarPorLados</td>
<td align="left">0.002</td></tr>
<tr class="b">
<td align="left"><a href="#ISO2_2022_BC02_Testing_P2.Testing_P2.TrianguloTest.testComprobarLadoString"><figure><img src="images/icon_error_sml.gif" alt="" /></figure></a></td>
<td align="left"><a name="TC_ISO2_2022_BC02_Testing_P2.Testing_P2.TrianguloTest.testComprobarLadoString"></a><a href="#ISO2_2022_BC02_Testing_P2.Testing_P2.TrianguloTest.testComprobarLadoString">testComprobarLadoString</a>
<div class="detailToggle" style="display:inline"><a href="javascript:toggleDisplay('ISO2_2022_BC02_Testing_P2.Testing_P2.TrianguloTest.testComprobarLadoString');"><span style="display:inline;" id="ISO2_2022_BC02_Testing_P2.Testing_P2.TrianguloTest.testComprobarLadoString-off"> + </span><span style="display:none;" id="ISO2_2022_BC02_Testing_P2.Testing_P2.TrianguloTest.testComprobarLadoString-on"> - </span>[ Detail ]</a></div></td>
<td align="left">0.001</td></tr>
<tr class="a">
<td align="left"></td>
<td align="left">El lado no puede medir cero.</td>
<td align="left"></td></tr>
<tr class="b">
<td align="left"></td>
<td align="left">
<div id="ISO2_2022_BC02_Testing_P2.Testing_P2.TrianguloTest.testComprobarLadoString-error" style="display:none;">
<div>
<pre>ISO2_2022_BC02_Testing_P2.Testing_P2.numCero: El lado no puede medir cero.
	at ISO2_2022_BC02_Testing_P2.Testing_P2.Triangulo.comprobarLado(Triangulo.java:89)
	at ISO2_2022_BC02_Testing_P2.Testing_P2.TrianguloTest.testComprobarLadoString(TrianguloTest.java:578)
	at sun.reflect.NativeMethodAccessorImpl.invoke0(Native Method)
	at sun.reflect.NativeMethodAccessorImpl.invoke(NativeMethodAccessorImpl.java:62)
	at sun.reflect.DelegatingMethodAccessorImpl.invoke(DelegatingMethodAccessorImpl.java:43)
	at java.lang.reflect.Method.invoke(Method.java:498)
	at org.junit.runners.model.FrameworkMethod$1.runReflectiveCall(FrameworkMethod.java:59)
	at org.junit.internal.runners.model.ReflectiveCallable.run(ReflectiveCallable.java:12)
	at org.junit.runners.model.FrameworkMethod.invokeExplosively(FrameworkMethod.java:56)
	at org.junit.internal.runners.statements.InvokeMethod.evaluate(InvokeMethod.java:17)
	at org.junit.runners.ParentRunner$3.evaluate(ParentRunner.java:306)
	at org.junit.runners.BlockJUnit4ClassRunner$1.evaluate(BlockJUnit4ClassRunner.java:100)
	at org.junit.runners.ParentRunner.runLeaf(ParentRunner.java:366)
	at org.junit.runners.BlockJUnit4ClassRunner.runChild(BlockJUnit4ClassRunner.java:103)
	at org.junit.runners.BlockJUnit4ClassRunner.runChild(BlockJUnit4ClassRunner.java:63)
	at org.junit.runners.ParentRunner$4.run(ParentRunner.java:331)
	at org.junit.runners.ParentRunner$1.schedule(ParentRunner.java:79)
	at org.junit.runners.ParentRunner.runChildren(ParentRunner.java:329)
	at org.junit.runners.ParentRunner.access$100(ParentRunner.java:66)
	at org.junit.runners.ParentRunner$2.evaluate(ParentRunner.java:293)
	at org.junit.runners.ParentRunner$3.evaluate(ParentRunner.java:306)
	at org.junit.runners.ParentRunner.run(ParentRunner.java:413)
	at org.apache.maven.surefire.junit4.JUnit4Provider.execute(JUnit4Provider.java:252)
	at org.apache.maven.surefire.junit4.JUnit4Provider.executeTestSet(JUnit4Provider.java:141)
	at org.apache.maven.surefire.junit4.JUnit4Provider.invoke(JUnit4Provider.java:112)
	at sun.reflect.NativeMethodAccessorImpl.invoke0(Native Method)
	at sun.reflect.NativeMethodAccessorImpl.invoke(NativeMethodAccessorImpl.java:62)
	at sun.reflect.DelegatingMethodAccessorImpl.invoke(DelegatingMethodAccessorImpl.java:43)
	at java.lang.reflect.Method.invoke(Method.java:498)
	at org.apache.maven.surefire.util.ReflectionUtils.invokeMethodWithArray(ReflectionUtils.java:189)
	at org.apache.maven.surefire.booter.ProviderFactory$ProviderProxy.invoke(ProviderFactory.java:165)
	at org.apache.maven.surefire.booter.ProviderFactory.invokeProvider(ProviderFactory.java:85)
	at org.apache.maven.surefire.booter.ForkedBooter.runSuitesInProcess(ForkedBooter.java:115)
	at org.apache.maven.surefire.booter.ForkedBooter.main(ForkedBooter.java:75)</pre></div></div></td>
<td align="left"></td></tr>
<tr class="a">
<td align="left"><figure><img src="images/icon_success_sml.gif" alt="" /></figure></td>
<td align="left"><a name="TC_ISO2_2022_BC02_Testing_P2.Testing_P2.TrianguloTest.testSetA1num_0_180"></a>testSetA1num_0_180</td>
<td align="left">0</td></tr>
<tr class="b">
<td align="left"><figure><img src="images/icon_success_sml.gif" alt="" /></figure></td>
<td align="left"><a name="TC_ISO2_2022_BC02_Testing_P2.Testing_P2.TrianguloTest.testGetA1"></a>testGetA1</td>
<td align="left">0</td></tr>
<tr class="a">
<td align="left"><figure><img src="images/icon_success_sml.gif" alt="" /></figure></td>
<td align="left"><a name="TC_ISO2_2022_BC02_Testing_P2.Testing_P2.TrianguloTest.testGetA2"></a>testGetA2</td>
<td align="left">0</td></tr>
<tr class="b">
<td align="left"><figure><img src="images/icon_success_sml.gif" alt="" /></figure></td>
<td align="left"><a name="TC_ISO2_2022_BC02_Testing_P2.Testing_P2.TrianguloTest.testGetA3"></a>testGetA3</td>
<td align="left">0</td></tr>
<tr class="a">
<td align="left"><figure><img src="images/icon_success_sml.gif" alt="" /></figure></td>
<td align="left"><a name="TC_ISO2_2022_BC02_Testing_P2.Testing_P2.TrianguloTest.testGetL1"></a>testGetL1</td>
<td align="left">0.001</td></tr>
<tr class="b">
<td align="left"><figure><img src="images/icon_success_sml.gif" alt="" /></figure></td>
<td align="left"><a name="TC_ISO2_2022_BC02_Testing_P2.Testing_P2.TrianguloTest.testGetL2"></a>testGetL2</td>
<td align="left">0</td></tr>
<tr class="a">
<td align="left"><figure><img src="images/icon_success_sml.gif" alt="" /></figure></td>
<td align="left"><a name="TC_ISO2_2022_BC02_Testing_P2.Testing_P2.TrianguloTest.testGetL3"></a>testGetL3</td>
<td align="left">0</td></tr>
<tr class="b">
<td align="left"><a href="#ISO2_2022_BC02_Testing_P2.Testing_P2.TrianguloTest.testSetA3String"><figure><img src="images/icon_error_sml.gif" alt="" /></figure></a></td>
<td align="left"><a name="TC_ISO2_2022_BC02_Testing_P2.Testing_P2.TrianguloTest.testSetA3String"></a><a href="#ISO2_2022_BC02_Testing_P2.Testing_P2.TrianguloTest.testSetA3String">testSetA3String</a>
<div class="detailToggle" style="display:inline"><a href="javascript:toggleDisplay('ISO2_2022_BC02_Testing_P2.Testing_P2.TrianguloTest.testSetA3String');"><span style="display:inline;" id="ISO2_2022_BC02_Testing_P2.Testing_P2.TrianguloTest.testSetA3String-off"> + </span><span style="display:none;" id="ISO2_2022_BC02_Testing_P2.Testing_P2.TrianguloTest.testSetA3String-on"> - </span>[ Detail ]</a></div></td>
<td align="left">0.001</td></tr>
<tr class="a">
<td align="left"></td>
<td align="left">El &#xe1;ngulo no puede ser 0.</td>
<td align="left"></td></tr>
<tr class="b">
<td align="left"></td>
<td align="left">
<div id="ISO2_2022_BC02_Testing_P2.Testing_P2.TrianguloTest.testSetA3String-error" style="display:none;">
<div>
<pre>ISO2_2022_BC02_Testing_P2.Testing_P2.anguloNoValido: El &#xe1;ngulo no puede ser 0.
	at ISO2_2022_BC02_Testing_P2.Testing_P2.Triangulo.comprobarAngulo(Triangulo.java:101)
	at ISO2_2022_BC02_Testing_P2.Testing_P2.Triangulo.setA3(Triangulo.java:65)
	at ISO2_2022_BC02_Testing_P2.Testing_P2.TrianguloTest.testSetA3String(TrianguloTest.java:474)
	at sun.reflect.NativeMethodAccessorImpl.invoke0(Native Method)
	at sun.reflect.NativeMethodAccessorImpl.invoke(NativeMethodAccessorImpl.java:62)
	at sun.reflect.DelegatingMethodAccessorImpl.invoke(DelegatingMethodAccessorImpl.java:43)
	at java.lang.reflect.Method.invoke(Method.java:498)
	at org.junit.runners.model.FrameworkMethod$1.runReflectiveCall(FrameworkMethod.java:59)
	at org.junit.internal.runners.model.ReflectiveCallable.run(ReflectiveCallable.java:12)
	at org.junit.runners.model.FrameworkMethod.invokeExplosively(FrameworkMethod.java:56)
	at org.junit.internal.runners.statements.InvokeMethod.evaluate(InvokeMethod.java:17)
	at org.junit.runners.ParentRunner$3.evaluate(ParentRunner.java:306)
	at org.junit.runners.BlockJUnit4ClassRunner$1.evaluate(BlockJUnit4ClassRunner.java:100)
	at org.junit.runners.ParentRunner.runLeaf(ParentRunner.java:366)
	at org.junit.runners.BlockJUnit4ClassRunner.runChild(BlockJUnit4ClassRunner.java:103)
	at org.junit.runners.BlockJUnit4ClassRunner.runChild(BlockJUnit4ClassRunner.java:63)
	at org.junit.runners.ParentRunner$4.run(ParentRunner.java:331)
	at org.junit.runners.ParentRunner$1.schedule(ParentRunner.java:79)
	at org.junit.runners.ParentRunner.runChildren(ParentRunner.java:329)
	at org.junit.runners.ParentRunner.access$100(ParentRunner.java:66)
	at org.junit.runners.ParentRunner$2.evaluate(ParentRunner.java:293)
	at org.junit.runners.ParentRunner$3.evaluate(ParentRunner.java:306)
	at org.junit.runners.ParentRunner.run(ParentRunner.java:413)
	at org.apache.maven.surefire.junit4.JUnit4Provider.execute(JUnit4Provider.java:252)
	at org.apache.maven.surefire.junit4.JUnit4Provider.executeTestSet(JUnit4Provider.java:141)
	at org.apache.maven.surefire.junit4.JUnit4Provider.invoke(JUnit4Provider.java:112)
	at sun.reflect.NativeMethodAccessorImpl.invoke0(Native Method)
	at sun.reflect.NativeMethodAccessorImpl.invoke(NativeMethodAccessorImpl.java:62)
	at sun.reflect.DelegatingMethodAccessorImpl.invoke(DelegatingMethodAccessorImpl.java:43)
	at java.lang.reflect.Method.invoke(Method.java:498)
	at org.apache.maven.surefire.util.ReflectionUtils.invokeMethodWithArray(ReflectionUtils.java:189)
	at org.apache.maven.surefire.booter.ProviderFactory$ProviderProxy.invoke(ProviderFactory.java:165)
	at org.apache.maven.surefire.booter.ProviderFactory.invokeProvider(ProviderFactory.java:85)
	at org.apache.maven.surefire.booter.ForkedBooter.runSuitesInProcess(ForkedBooter.java:115)
	at org.apache.maven.surefire.booter.ForkedBooter.main(ForkedBooter.java:75)</pre></div></div></td>
<td align="left"></td></tr>
<tr class="a">
<td align="left"><figure><img src="images/icon_success_sml.gif" alt="" /></figure></td>
<td align="left"><a name="TC_ISO2_2022_BC02_Testing_P2.Testing_P2.TrianguloTest.testSetA2numEnteroPositivo"></a>testSetA2numEnteroPositivo</td>
<td align="left">0</td></tr>
<tr class="b">
<td align="left"><a href="#ISO2_2022_BC02_Testing_P2.Testing_P2.TrianguloTest.testSetL1String"><figure><img src="images/icon_error_sml.gif" alt="" /></figure></a></td>
<td align="left"><a name="TC_ISO2_2022_BC02_Testing_P2.Testing_P2.TrianguloTest.testSetL1String"></a><a href="#ISO2_2022_BC02_Testing_P2.Testing_P2.TrianguloTest.testSetL1String">testSetL1String</a>
<div class="detailToggle" style="display:inline"><a href="javascript:toggleDisplay('ISO2_2022_BC02_Testing_P2.Testing_P2.TrianguloTest.testSetL1String');"><span style="display:inline;" id="ISO2_2022_BC02_Testing_P2.Testing_P2.TrianguloTest.testSetL1String-off"> + </span><span style="display:none;" id="ISO2_2022_BC02_Testing_P2.Testing_P2.TrianguloTest.testSetL1String-on"> - </span>[ Detail ]</a></div></td>
<td align="left">0.001</td></tr>
<tr class="a">
<td align="left"></td>
<td align="left">El lado no puede medir cero.</td>
<td align="left"></td></tr>
<tr class="b">
<td align="left"></td>
<td align="left">
<div id="ISO2_2022_BC02_Testing_P2.Testing_P2.TrianguloTest.testSetL1String-error" style="display:none;">
<div>
<pre>ISO2_2022_BC02_Testing_P2.Testing_P2.numCero: El lado no puede medir cero.
	at ISO2_2022_BC02_Testing_P2.Testing_P2.Triangulo.comprobarLado(Triangulo.java:89)
	at ISO2_2022_BC02_Testing_P2.Testing_P2.Triangulo.setL1(Triangulo.java:25)
	at ISO2_2022_BC02_Testing_P2.Testing_P2.TrianguloTest.testSetL1String(TrianguloTest.java:84)
	at sun.reflect.NativeMethodAccessorImpl.invoke0(Native Method)
	at sun.reflect.NativeMethodAccessorImpl.invoke(NativeMethodAccessorImpl.java:62)
	at sun.reflect.DelegatingMethodAccessorImpl.invoke(DelegatingMethodAccessorImpl.java:43)
	at java.lang.reflect.Method.invoke(Method.java:498)
	at org.junit.runners.model.FrameworkMethod$1.runReflectiveCall(FrameworkMethod.java:59)
	at org.junit.internal.runners.model.ReflectiveCallable.run(ReflectiveCallable.java:12)
	at org.junit.runners.model.FrameworkMethod.invokeExplosively(FrameworkMethod.java:56)
	at org.junit.internal.runners.statements.InvokeMethod.evaluate(InvokeMethod.java:17)
	at org.junit.runners.ParentRunner$3.evaluate(ParentRunner.java:306)
	at org.junit.runners.BlockJUnit4ClassRunner$1.evaluate(BlockJUnit4ClassRunner.java:100)
	at org.junit.runners.ParentRunner.runLeaf(ParentRunner.java:366)
	at org.junit.runners.BlockJUnit4ClassRunner.runChild(BlockJUnit4ClassRunner.java:103)
	at org.junit.runners.BlockJUnit4ClassRunner.runChild(BlockJUnit4ClassRunner.java:63)
	at org.junit.runners.ParentRunner$4.run(ParentRunner.java:331)
	at org.junit.runners.ParentRunner$1.schedule(ParentRunner.java:79)
	at org.junit.runners.ParentRunner.runChildren(ParentRunner.java:329)
	at org.junit.runners.ParentRunner.access$100(ParentRunner.java:66)
	at org.junit.runners.ParentRunner$2.evaluate(ParentRunner.java:293)
	at org.junit.runners.ParentRunner$3.evaluate(ParentRunner.java:306)
	at org.junit.runners.ParentRunner.run(ParentRunner.java:413)
	at org.apache.maven.surefire.junit4.JUnit4Provider.execute(JUnit4Provider.java:252)
	at org.apache.maven.surefire.junit4.JUnit4Provider.executeTestSet(JUnit4Provider.java:141)
	at org.apache.maven.surefire.junit4.JUnit4Provider.invoke(JUnit4Provider.java:112)
	at sun.reflect.NativeMethodAccessorImpl.invoke0(Native Method)
	at sun.reflect.NativeMethodAccessorImpl.invoke(NativeMethodAccessorImpl.java:62)
	at sun.reflect.DelegatingMethodAccessorImpl.invoke(DelegatingMethodAccessorImpl.java:43)
	at java.lang.reflect.Method.invoke(Method.java:498)
	at org.apache.maven.surefire.util.ReflectionUtils.invokeMethodWithArray(ReflectionUtils.java:189)
	at org.apache.maven.surefire.booter.ProviderFactory$ProviderProxy.invoke(ProviderFactory.java:165)
	at org.apache.maven.surefire.booter.ProviderFactory.invokeProvider(ProviderFactory.java:85)
	at org.apache.maven.surefire.booter.ForkedBooter.runSuitesInProcess(ForkedBooter.java:115)
	at org.apache.maven.surefire.booter.ForkedBooter.main(ForkedBooter.java:75)
</pre></div></div></td>
<td align="left"></td></tr>
<tr class="a">
<td align="left"><figure><img src="images/icon_success_sml.gif" alt="" /></figure></td>
<td align="left"><a name="TC_ISO2_2022_BC02_Testing_P2.Testing_P2.TrianguloTest.testComprobarIntPositivo"></a>testComprobarIntPositivo</td>
<td align="left">0</td></tr>
<tr class="b">
<td align="left"><figure><img src="images/icon_success_sml.gif" alt="" /></figure></td>
<td align="left"><a name="TC_ISO2_2022_BC02_Testing_P2.Testing_P2.TrianguloTest.testComprobarIntNegativo"></a>testComprobarIntNegativo</td>
<td align="left">0.001</td></tr>
<tr class="a">
<td align="left"><figure><img src="images/icon_success_sml.gif" alt="" /></figure></td>
<td align="left"><a name="TC_ISO2_2022_BC02_Testing_P2.Testing_P2.TrianguloTest.testSetA1numNegativo"></a>testSetA1numNegativo</td>
<td align="left">0</td></tr>
<tr class="b">
<td align="left"><figure><img src="images/icon_success_sml.gif" alt="" /></figure></td>
<td align="left"><a name="TC_ISO2_2022_BC02_Testing_P2.Testing_P2.TrianguloTest.testSetTipoAngulos"></a>testSetTipoAngulos</td>
<td align="left">0.002</td></tr>
<tr class="a">
<td align="left"><a href="#ISO2_2022_BC02_Testing_P2.Testing_P2.TrianguloTest.testGetTipoLados"><figure><img src="images/icon_error_sml.gif" alt="" /></figure></a></td>
<td align="left"><a name="TC_ISO2_2022_BC02_Testing_P2.Testing_P2.TrianguloTest.testGetTipoLados"></a><a href="#ISO2_2022_BC02_Testing_P2.Testing_P2.TrianguloTest.testGetTipoLados">testGetTipoLados</a>
<div class="detailToggle" style="display:inline"><a href="javascript:toggleDisplay('ISO2_2022_BC02_Testing_P2.Testing_P2.TrianguloTest.testGetTipoLados');"><span style="display:inline;" id="ISO2_2022_BC02_Testing_P2.Testing_P2.TrianguloTest.testGetTipoLados-off"> + </span><span style="display:none;" id="ISO2_2022_BC02_Testing_P2.Testing_P2.TrianguloTest.testGetTipoLados-on"> - </span>[ Detail ]</a></div></td>
<td align="left">0.001</td></tr>
<tr class="b">
<td align="left"></td>
<td align="left">expected:&lt;EQUILATERO&gt; but was:&lt;null&gt;</td>
<td align="left"></td></tr>
<tr class="a">
<td align="left"></td>
<td align="left">
<div id="ISO2_2022_BC02_Testing_P2.Testing_P2.TrianguloTest.testGetTipoLados-failure" style="display:none;">
<div>
<pre>java.lang.AssertionError: expected:&lt;EQUILATERO&gt; but was:&lt;null&gt;
	at org.junit.Assert.fail(Assert.java:89)
	at org.junit.Assert.failNotEquals(Assert.java:835)
	at org.junit.Assert.assertEquals(Assert.java:120)
	at org.junit.Assert.assertEquals(Assert.java:146)
	at ISO2_2022_BC02_Testing_P2.Testing_P2.TrianguloTest.testGetTipoLados(TrianguloTest.java:513)
	at sun.reflect.NativeMethodAccessorImpl.invoke0(Native Method)
	at sun.reflect.NativeMethodAccessorImpl.invoke(NativeMethodAccessorImpl.java:62)
	at sun.reflect.DelegatingMethodAccessorImpl.invoke(DelegatingMethodAccessorImpl.java:43)
	at java.lang.reflect.Method.invoke(Method.java:498)
	at org.junit.runners.model.FrameworkMethod$1.runReflectiveCall(FrameworkMethod.java:59)
	at org.junit.internal.runners.model.ReflectiveCallable.run(ReflectiveCallable.java:12)
	at org.junit.runners.model.FrameworkMethod.invokeExplosively(FrameworkMethod.java:56)
	at org.junit.internal.runners.statements.InvokeMethod.evaluate(InvokeMethod.java:17)
	at org.junit.runners.ParentRunner$3.evaluate(ParentRunner.java:306)
	at org.junit.runners.BlockJUnit4ClassRunner$1.evaluate(BlockJUnit4ClassRunner.java:100)
	at org.junit.runners.ParentRunner.runLeaf(ParentRunner.java:366)
	at org.junit.runners.BlockJUnit4ClassRunner.runChild(BlockJUnit4ClassRunner.java:103)
	at org.junit.runners.BlockJUnit4ClassRunner.runChild(BlockJUnit4ClassRunner.java:63)
	at org.junit.runners.ParentRunner$4.run(ParentRunner.java:331)
	at org.junit.runners.ParentRunner$1.schedule(ParentRunner.java:79)
	at org.junit.runners.ParentRunner.runChildren(ParentRunner.java:329)
	at org.junit.runners.ParentRunner.access$100(ParentRunner.java:66)
	at org.junit.runners.ParentRunner$2.evaluate(ParentRunner.java:293)
	at org.junit.runners.ParentRunner$3.evaluate(ParentRunner.java:306)
	at org.junit.runners.ParentRunner.run(ParentRunner.java:413)
	at org.apache.maven.surefire.junit4.JUnit4Provider.execute(JUnit4Provider.java:252)
	at org.apache.maven.surefire.junit4.JUnit4Provider.executeTestSet(JUnit4Provider.java:141)
	at org.apache.maven.surefire.junit4.JUnit4Provider.invoke(JUnit4Provider.java:112)
	at sun.reflect.NativeMethodAccessorImpl.invoke0(Native Method)
	at sun.reflect.NativeMethodAccessorImpl.invoke(NativeMethodAccessorImpl.java:62)
	at sun.reflect.DelegatingMethodAccessorImpl.invoke(DelegatingMethodAccessorImpl.java:43)
	at java.lang.reflect.Method.invoke(Method.java:498)
	at org.apache.maven.surefire.util.ReflectionUtils.invokeMethodWithArray(ReflectionUtils.java:189)
	at org.apache.maven.surefire.booter.ProviderFactory$ProviderProxy.invoke(ProviderFactory.java:165)
	at org.apache.maven.surefire.booter.ProviderFactory.invokeProvider(ProviderFactory.java:85)
	at org.apache.maven.surefire.booter.ForkedBooter.runSuitesInProcess(ForkedBooter.java:115)
	at org.apache.maven.surefire.booter.ForkedBooter.main(ForkedBooter.java:75)
</pre></div></div></td>
<td align="left"></td></tr>
<tr class="b">
<td align="left"><figure><img src="images/icon_success_sml.gif" alt="" /></figure></td>
<td align="left"><a name="TC_ISO2_2022_BC02_Testing_P2.Testing_P2.TrianguloTest.testSetA2numNegativo"></a>testSetA2numNegativo</td>
<td align="left">0</td></tr>
<tr class="a">
<td align="left"><figure><img src="images/icon_success_sml.gif" alt="" /></figure></td>
<td align="left"><a name="TC_ISO2_2022_BC02_Testing_P2.Testing_P2.TrianguloTest.testSetA3numNegativo"></a>testSetA3numNegativo</td>
<td align="left">0</td></tr>
<tr class="b">
<td align="left"><figure><img src="images/icon_success_sml.gif" alt="" /></figure></td>
<td align="left"><a name="TC_ISO2_2022_BC02_Testing_P2.Testing_P2.TrianguloTest.testTriangulo"></a>testTriangulo</td>
<td align="left">0</td></tr>
<tr class="a">
<td align="left"><figure><img src="images/icon_success_sml.gif" alt="" /></figure></td>
<td align="left"><a name="TC_ISO2_2022_BC02_Testing_P2.Testing_P2.TrianguloTest.testSetL2numCero"></a>testSetL2numCero</td>
<td align="left">0</td></tr>
<tr class="b">
<td align="left"><a href="#ISO2_2022_BC02_Testing_P2.Testing_P2.TrianguloTest.testSetL2numLong"><figure><img src="images/icon_error_sml.gif" alt="" /></figure></a></td>
<td align="left"><a name="TC_ISO2_2022_BC02_Testing_P2.Testing_P2.TrianguloTest.testSetL2numLong"></a><a href="#ISO2_2022_BC02_Testing_P2.Testing_P2.TrianguloTest.testSetL2numLong">testSetL2numLong</a>
<div class="detailToggle" style="display:inline"><a href="javascript:toggleDisplay('ISO2_2022_BC02_Testing_P2.Testing_P2.TrianguloTest.testSetL2numLong');"><span style="display:inline;" id="ISO2_2022_BC02_Testing_P2.Testing_P2.TrianguloTest.testSetL2numLong-off"> + </span><span style="display:none;" id="ISO2_2022_BC02_Testing_P2.Testing_P2.TrianguloTest.testSetL2numLong-on"> - </span>[ Detail ]</a></div></td>
<td align="left">0.001</td></tr>
<tr class="a">
<td align="left"></td>
<td align="left">El lado no puede medir cero.</td>
<td align="left"></td></tr>
<tr class="b">
<td align="left"></td>
<td align="left">
<div id="ISO2_2022_BC02_Testing_P2.Testing_P2.TrianguloTest.testSetL2numLong-error" style="display:none;">
<div>
<pre>ISO2_2022_BC02_Testing_P2.Testing_P2.numCero: El lado no puede medir cero.
	at ISO2_2022_BC02_Testing_P2.Testing_P2.Triangulo.comprobarLado(Triangulo.java:89)
	at ISO2_2022_BC02_Testing_P2.Testing_P2.Triangulo.setL2(Triangulo.java:33)
	at ISO2_2022_BC02_Testing_P2.Testing_P2.TrianguloTest.testSetL2numLong(TrianguloTest.java:137)
	at sun.reflect.NativeMethodAccessorImpl.invoke0(Native Method)
	at sun.reflect.NativeMethodAccessorImpl.invoke(NativeMethodAccessorImpl.java:62)
	at sun.reflect.DelegatingMethodAccessorImpl.invoke(DelegatingMethodAccessorImpl.java:43)
	at java.lang.reflect.Method.invoke(Method.java:498)
	at org.junit.runners.model.FrameworkMethod$1.runReflectiveCall(FrameworkMethod.java:59)
	at org.junit.internal.runners.model.ReflectiveCallable.run(ReflectiveCallable.java:12)
	at org.junit.runners.model.FrameworkMethod.invokeExplosively(FrameworkMethod.java:56)
	at org.junit.internal.runners.statements.InvokeMethod.evaluate(InvokeMethod.java:17)
	at org.junit.runners.ParentRunner$3.evaluate(ParentRunner.java:306)
	at org.junit.runners.BlockJUnit4ClassRunner$1.evaluate(BlockJUnit4ClassRunner.java:100)
	at org.junit.runners.ParentRunner.runLeaf(ParentRunner.java:366)
	at org.junit.runners.BlockJUnit4ClassRunner.runChild(BlockJUnit4ClassRunner.java:103)
	at org.junit.runners.BlockJUnit4ClassRunner.runChild(BlockJUnit4ClassRunner.java:63)
	at org.junit.runners.ParentRunner$4.run(ParentRunner.java:331)
	at org.junit.runners.ParentRunner$1.schedule(ParentRunner.java:79)
	at org.junit.runners.ParentRunner.runChildren(ParentRunner.java:329)
	at org.junit.runners.ParentRunner.access$100(ParentRunner.java:66)
	at org.junit.runners.ParentRunner$2.evaluate(ParentRunner.java:293)
	at org.junit.runners.ParentRunner$3.evaluate(ParentRunner.java:306)
	at org.junit.runners.ParentRunner.run(ParentRunner.java:413)
	at org.apache.maven.surefire.junit4.JUnit4Provider.execute(JUnit4Provider.java:252)
	at org.apache.maven.surefire.junit4.JUnit4Provider.executeTestSet(JUnit4Provider.java:141)
	at org.apache.maven.surefire.junit4.JUnit4Provider.invoke(JUnit4Provider.java:112)
	at sun.reflect.NativeMethodAccessorImpl.invoke0(Native Method)
	at sun.reflect.NativeMethodAccessorImpl.invoke(NativeMethodAccessorImpl.java:62)
	at sun.reflect.DelegatingMethodAccessorImpl.invoke(DelegatingMethodAccessorImpl.java:43)
	at java.lang.reflect.Method.invoke(Method.java:498)
	at org.apache.maven.surefire.util.ReflectionUtils.invokeMethodWithArray(ReflectionUtils.java:189)
	at org.apache.maven.surefire.booter.ProviderFactory$ProviderProxy.invoke(ProviderFactory.java:165)
	at org.apache.maven.surefire.booter.ProviderFactory.invokeProvider(ProviderFactory.java:85)
	at org.apache.maven.surefire.booter.ForkedBooter.runSuitesInProcess(ForkedBooter.java:115)
	at org.apache.maven.surefire.booter.ForkedBooter.main(ForkedBooter.java:75)
</pre></div></div></td>
<td align="left"></td></tr>
<tr class="a">
<td align="left"><a href="#ISO2_2022_BC02_Testing_P2.Testing_P2.TrianguloTest.testSetA3numLong"><figure><img src="images/icon_error_sml.gif" alt="" /></figure></a></td>
<td align="left"><a name="TC_ISO2_2022_BC02_Testing_P2.Testing_P2.TrianguloTest.testSetA3numLong"></a><a href="#ISO2_2022_BC02_Testing_P2.Testing_P2.TrianguloTest.testSetA3numLong">testSetA3numLong</a>
<div class="detailToggle" style="display:inline"><a href="javascript:toggleDisplay('ISO2_2022_BC02_Testing_P2.Testing_P2.TrianguloTest.testSetA3numLong');"><span style="display:inline;" id="ISO2_2022_BC02_Testing_P2.Testing_P2.TrianguloTest.testSetA3numLong-off"> + </span><span style="display:none;" id="ISO2_2022_BC02_Testing_P2.Testing_P2.TrianguloTest.testSetA3numLong-on"> - </span>[ Detail ]</a></div></td>
<td align="left">0.001</td></tr>
<tr class="b">
<td align="left"></td>
<td align="left">El &#xe1;ngulo no puede ser 0.</td>
<td align="left"></td></tr>
<tr class="a">
<td align="left"></td>
<td align="left">
<div id="ISO2_2022_BC02_Testing_P2.Testing_P2.TrianguloTest.testSetA3numLong-error" style="display:none;">
<div>
<pre>ISO2_2022_BC02_Testing_P2.Testing_P2.anguloNoValido: El &#xe1;ngulo no puede ser 0.
	at ISO2_2022_BC02_Testing_P2.Testing_P2.Triangulo.comprobarAngulo(Triangulo.java:101)
	at ISO2_2022_BC02_Testing_P2.Testing_P2.Triangulo.setA3(Triangulo.java:65)
	at ISO2_2022_BC02_Testing_P2.Testing_P2.TrianguloTest.testSetA3numLong(TrianguloTest.java:483)
	at sun.reflect.NativeMethodAccessorImpl.invoke0(Native Method)
	at sun.reflect.NativeMethodAccessorImpl.invoke(NativeMethodAccessorImpl.java:62)
	at sun.reflect.DelegatingMethodAccessorImpl.invoke(DelegatingMethodAccessorImpl.java:43)
	at java.lang.reflect.Method.invoke(Method.java:498)
	at org.junit.runners.model.FrameworkMethod$1.runReflectiveCall(FrameworkMethod.java:59)
	at org.junit.internal.runners.model.ReflectiveCallable.run(ReflectiveCallable.java:12)
	at org.junit.runners.model.FrameworkMethod.invokeExplosively(FrameworkMethod.java:56)
	at org.junit.internal.runners.statements.InvokeMethod.evaluate(InvokeMethod.java:17)
	at org.junit.runners.ParentRunner$3.evaluate(ParentRunner.java:306)
	at org.junit.runners.BlockJUnit4ClassRunner$1.evaluate(BlockJUnit4ClassRunner.java:100)
	at org.junit.runners.ParentRunner.runLeaf(ParentRunner.java:366)
	at org.junit.runners.BlockJUnit4ClassRunner.runChild(BlockJUnit4ClassRunner.java:103)
	at org.junit.runners.BlockJUnit4ClassRunner.runChild(BlockJUnit4ClassRunner.java:63)
	at org.junit.runners.ParentRunner$4.run(ParentRunner.java:331)
	at org.junit.runners.ParentRunner$1.schedule(ParentRunner.java:79)
	at org.junit.runners.ParentRunner.runChildren(ParentRunner.java:329)
	at org.junit.runners.ParentRunner.access$100(ParentRunner.java:66)
	at org.junit.runners.ParentRunner$2.evaluate(ParentRunner.java:293)
	at org.junit.runners.ParentRunner$3.evaluate(ParentRunner.java:306)
	at org.junit.runners.ParentRunner.run(ParentRunner.java:413)
	at org.apache.maven.surefire.junit4.JUnit4Provider.execute(JUnit4Provider.java:252)
	at org.apache.maven.surefire.junit4.JUnit4Provider.executeTestSet(JUnit4Provider.java:141)
	at org.apache.maven.surefire.junit4.JUnit4Provider.invoke(JUnit4Provider.java:112)
	at sun.reflect.NativeMethodAccessorImpl.invoke0(Native Method)
	at sun.reflect.NativeMethodAccessorImpl.invoke(NativeMethodAccessorImpl.java:62)
	at sun.reflect.DelegatingMethodAccessorImpl.invoke(DelegatingMethodAccessorImpl.java:43)
	at java.lang.reflect.Method.invoke(Method.java:498)
	at org.apache.maven.surefire.util.ReflectionUtils.invokeMethodWithArray(ReflectionUtils.java:189)
	at org.apache.maven.surefire.booter.ProviderFactory$ProviderProxy.invoke(ProviderFactory.java:165)
	at org.apache.maven.surefire.booter.ProviderFactory.invokeProvider(ProviderFactory.java:85)
	at org.apache.maven.surefire.booter.ForkedBooter.runSuitesInProcess(ForkedBooter.java:115)
	at org.apache.maven.surefire.booter.ForkedBooter.main(ForkedBooter.java:75)</pre></div></div></td>
<td align="left"></td></tr>
<tr class="b">
<td align="left"><figure><img src="images/icon_success_sml.gif" alt="" /></figure></td>
<td align="left"><a name="TC_ISO2_2022_BC02_Testing_P2.Testing_P2.TrianguloTest.testComprobarAngulo0_180"></a>testComprobarAngulo0_180</td>
<td align="left">0</td></tr>
<tr class="a">
<td align="left"><a href="#ISO2_2022_BC02_Testing_P2.Testing_P2.TrianguloTest.testSetL2String"><figure><img src="images/icon_error_sml.gif" alt="" /></figure></a></td>
<td align="left"><a name="TC_ISO2_2022_BC02_Testing_P2.Testing_P2.TrianguloTest.testSetL2String"></a><a href="#ISO2_2022_BC02_Testing_P2.Testing_P2.TrianguloTest.testSetL2String">testSetL2String</a>
<div class="detailToggle" style="display:inline"><a href="javascript:toggleDisplay('ISO2_2022_BC02_Testing_P2.Testing_P2.TrianguloTest.testSetL2String');"><span style="display:inline;" id="ISO2_2022_BC02_Testing_P2.Testing_P2.TrianguloTest.testSetL2String-off"> + </span><span style="display:none;" id="ISO2_2022_BC02_Testing_P2.Testing_P2.TrianguloTest.testSetL2String-on"> - </span>[ Detail ]</a></div></td>
<td align="left">0.001</td></tr>
<tr class="b">
<td align="left"></td>
<td align="left">El lado no puede medir cero.</td>
<td align="left"></td></tr>
<tr class="a">
<td align="left"></td>
<td align="left">
<div id="ISO2_2022_BC02_Testing_P2.Testing_P2.TrianguloTest.testSetL2String-error" style="display:none;">
<div>
<pre>ISO2_2022_BC02_Testing_P2.Testing_P2.numCero: El lado no puede medir cero.
	at ISO2_2022_BC02_Testing_P2.Testing_P2.Triangulo.comprobarLado(Triangulo.java:89)
	at ISO2_2022_BC02_Testing_P2.Testing_P2.Triangulo.setL2(Triangulo.java:33)
	at ISO2_2022_BC02_Testing_P2.Testing_P2.TrianguloTest.testSetL2String(TrianguloTest.java:146)
	at sun.reflect.NativeMethodAccessorImpl.invoke0(Native Method)
	at sun.reflect.NativeMethodAccessorImpl.invoke(NativeMethodAccessorImpl.java:62)
	at sun.reflect.DelegatingMethodAccessorImpl.invoke(DelegatingMethodAccessorImpl.java:43)
	at java.lang.reflect.Method.invoke(Method.java:498)
	at org.junit.runners.model.FrameworkMethod$1.runReflectiveCall(FrameworkMethod.java:59)
	at org.junit.internal.runners.model.ReflectiveCallable.run(ReflectiveCallable.java:12)
	at org.junit.runners.model.FrameworkMethod.invokeExplosively(FrameworkMethod.java:56)
	at org.junit.internal.runners.statements.InvokeMethod.evaluate(InvokeMethod.java:17)
	at org.junit.runners.ParentRunner$3.evaluate(ParentRunner.java:306)
	at org.junit.runners.BlockJUnit4ClassRunner$1.evaluate(BlockJUnit4ClassRunner.java:100)
	at org.junit.runners.ParentRunner.runLeaf(ParentRunner.java:366)
	at org.junit.runners.BlockJUnit4ClassRunner.runChild(BlockJUnit4ClassRunner.java:103)
	at org.junit.runners.BlockJUnit4ClassRunner.runChild(BlockJUnit4ClassRunner.java:63)
	at org.junit.runners.ParentRunner$4.run(ParentRunner.java:331)
	at org.junit.runners.ParentRunner$1.schedule(ParentRunner.java:79)
	at org.junit.runners.ParentRunner.runChildren(ParentRunner.java:329)
	at org.junit.runners.ParentRunner.access$100(ParentRunner.java:66)
	at org.junit.runners.ParentRunner$2.evaluate(ParentRunner.java:293)
	at org.junit.runners.ParentRunner$3.evaluate(ParentRunner.java:306)
	at org.junit.runners.ParentRunner.run(ParentRunner.java:413)
	at org.apache.maven.surefire.junit4.JUnit4Provider.execute(JUnit4Provider.java:252)
	at org.apache.maven.surefire.junit4.JUnit4Provider.executeTestSet(JUnit4Provider.java:141)
	at org.apache.maven.surefire.junit4.JUnit4Provider.invoke(JUnit4Provider.java:112)
	at sun.reflect.NativeMethodAccessorImpl.invoke0(Native Method)
	at sun.reflect.NativeMethodAccessorImpl.invoke(NativeMethodAccessorImpl.java:62)
	at sun.reflect.DelegatingMethodAccessorImpl.invoke(DelegatingMethodAccessorImpl.java:43)
	at java.lang.reflect.Method.invoke(Method.java:498)
	at org.apache.maven.surefire.util.ReflectionUtils.invokeMethodWithArray(ReflectionUtils.java:189)
	at org.apache.maven.surefire.booter.ProviderFactory$ProviderProxy.invoke(ProviderFactory.java:165)
	at org.apache.maven.surefire.booter.ProviderFactory.invokeProvider(ProviderFactory.java:85)
	at org.apache.maven.surefire.booter.ForkedBooter.runSuitesInProcess(ForkedBooter.java:115)
	at org.apache.maven.surefire.booter.ForkedBooter.main(ForkedBooter.java:75)</pre></div></div></td>
<td align="left"></td></tr>
<tr class="b">
<td align="left"><figure><img src="images/icon_success_sml.gif" alt="" /></figure></td>
<td align="left"><a name="TC_ISO2_2022_BC02_Testing_P2.Testing_P2.TrianguloTest.testSetA1numEnteroPositivo"></a>testSetA1numEnteroPositivo</td>
<td align="left">0</td></tr>
<tr class="a">
<td align="left"><figure><img src="images/icon_success_sml.gif" alt="" /></figure></td>
<td align="left"><a name="TC_ISO2_2022_BC02_Testing_P2.Testing_P2.TrianguloTest.testSetL1numPositivo"></a>testSetL1numPositivo</td>
<td align="left">0</td></tr>
<tr class="b">
<td align="left"><figure><img src="images/icon_success_sml.gif" alt="" /></figure></td>
<td align="left"><a name="TC_ISO2_2022_BC02_Testing_P2.Testing_P2.TrianguloTest.testSetL2numPositivo"></a>testSetL2numPositivo</td>
<td align="left">0.001</td></tr>
<tr class="a">
<td align="left"><a href="#ISO2_2022_BC02_Testing_P2.Testing_P2.TrianguloTest.testComprobarAnguloString"><figure><img src="images/icon_error_sml.gif" alt="" /></figure></a></td>
<td align="left"><a name="TC_ISO2_2022_BC02_Testing_P2.Testing_P2.TrianguloTest.testComprobarAnguloString"></a><a href="#ISO2_2022_BC02_Testing_P2.Testing_P2.TrianguloTest.testComprobarAnguloString">testComprobarAnguloString</a>
<div class="detailToggle" style="display:inline"><a href="javascript:toggleDisplay('ISO2_2022_BC02_Testing_P2.Testing_P2.TrianguloTest.testComprobarAnguloString');"><span style="display:inline;" id="ISO2_2022_BC02_Testing_P2.Testing_P2.TrianguloTest.testComprobarAnguloString-off"> + </span><span style="display:none;" id="ISO2_2022_BC02_Testing_P2.Testing_P2.TrianguloTest.testComprobarAnguloString-on"> - </span>[ Detail ]</a></div></td>
<td align="left">0.008</td></tr>
<tr class="b">
<td align="left"></td>
<td align="left">El &#xe1;ngulo no puede ser 0.</td>
<td align="left"></td></tr>
<tr class="a">
<td align="left"></td>
<td align="left">
<div id="ISO2_2022_BC02_Testing_P2.Testing_P2.TrianguloTest.testComprobarAnguloString-error" style="display:none;">
<div>
<pre>ISO2_2022_BC02_Testing_P2.Testing_P2.anguloNoValido: El &#xe1;ngulo no puede ser 0.
	at ISO2_2022_BC02_Testing_P2.Testing_P2.Triangulo.comprobarAngulo(Triangulo.java:101)
	at ISO2_2022_BC02_Testing_P2.Testing_P2.TrianguloTest.testComprobarAnguloString(TrianguloTest.java:655)
	at sun.reflect.NativeMethodAccessorImpl.invoke0(Native Method)
	at sun.reflect.NativeMethodAccessorImpl.invoke(NativeMethodAccessorImpl.java:62)
	at sun.reflect.DelegatingMethodAccessorImpl.invoke(DelegatingMethodAccessorImpl.java:43)
	at java.lang.reflect.Method.invoke(Method.java:498)
	at org.junit.runners.model.FrameworkMethod$1.runReflectiveCall(FrameworkMethod.java:59)
	at org.junit.internal.runners.model.ReflectiveCallable.run(ReflectiveCallable.java:12)
	at org.junit.runners.model.FrameworkMethod.invokeExplosively(FrameworkMethod.java:56)
	at org.junit.internal.runners.statements.InvokeMethod.evaluate(InvokeMethod.java:17)
	at org.junit.runners.ParentRunner$3.evaluate(ParentRunner.java:306)
	at org.junit.runners.BlockJUnit4ClassRunner$1.evaluate(BlockJUnit4ClassRunner.java:100)
	at org.junit.runners.ParentRunner.runLeaf(ParentRunner.java:366)
	at org.junit.runners.BlockJUnit4ClassRunner.runChild(BlockJUnit4ClassRunner.java:103)
	at org.junit.runners.BlockJUnit4ClassRunner.runChild(BlockJUnit4ClassRunner.java:63)
	at org.junit.runners.ParentRunner$4.run(ParentRunner.java:331)
	at org.junit.runners.ParentRunner$1.schedule(ParentRunner.java:79)
	at org.junit.runners.ParentRunner.runChildren(ParentRunner.java:329)
	at org.junit.runners.ParentRunner.access$100(ParentRunner.java:66)
	at org.junit.runners.ParentRunner$2.evaluate(ParentRunner.java:293)
	at org.junit.runners.ParentRunner$3.evaluate(ParentRunner.java:306)
	at org.junit.runners.ParentRunner.run(ParentRunner.java:413)
	at org.apache.maven.surefire.junit4.JUnit4Provider.execute(JUnit4Provider.java:252)
	at org.apache.maven.surefire.junit4.JUnit4Provider.executeTestSet(JUnit4Provider.java:141)
	at org.apache.maven.surefire.junit4.JUnit4Provider.invoke(JUnit4Provider.java:112)
	at sun.reflect.NativeMethodAccessorImpl.invoke0(Native Method)
	at sun.reflect.NativeMethodAccessorImpl.invoke(NativeMethodAccessorImpl.java:62)
	at sun.reflect.DelegatingMethodAccessorImpl.invoke(DelegatingMethodAccessorImpl.java:43)
	at java.lang.reflect.Method.invoke(Method.java:498)
	at org.apache.maven.surefire.util.ReflectionUtils.invokeMethodWithArray(ReflectionUtils.java:189)
	at org.apache.maven.surefire.booter.ProviderFactory$ProviderProxy.invoke(ProviderFactory.java:165)
	at org.apache.maven.surefire.booter.ProviderFactory.invokeProvider(ProviderFactory.java:85)
	at org.apache.maven.surefire.booter.ForkedBooter.runSuitesInProcess(ForkedBooter.java:115)
	at org.apache.maven.surefire.booter.ForkedBooter.main(ForkedBooter.java:75)</pre></div></div></td>
<td align="left"></td></tr>
<tr class="b">
<td align="left"><figure><img src="images/icon_success_sml.gif" alt="" /></figure></td>
<td align="left"><a name="TC_ISO2_2022_BC02_Testing_P2.Testing_P2.TrianguloTest.testSetL1numNegativo"></a>testSetL1numNegativo</td>
<td align="left">0</td></tr>
<tr class="a">
<td align="left"><figure><img src="images/icon_success_sml.gif" alt="" /></figure></td>
<td align="left"><a name="TC_ISO2_2022_BC02_Testing_P2.Testing_P2.TrianguloTest.testSetL3numPositivo"></a>testSetL3numPositivo</td>
<td align="left">0.001</td></tr>
<tr class="b">
<td align="left"><figure><img src="images/icon_success_sml.gif" alt="" /></figure></td>
<td align="left"><a name="TC_ISO2_2022_BC02_Testing_P2.Testing_P2.TrianguloTest.testSetL2numNegativo"></a>testSetL2numNegativo</td>
<td align="left">0</td></tr>
<tr class="a">
<td align="left"><a href="#ISO2_2022_BC02_Testing_P2.Testing_P2.TrianguloTest.testSetA1numLong"><figure><img src="images/icon_error_sml.gif" alt="" /></figure></a></td>
<td align="left"><a name="TC_ISO2_2022_BC02_Testing_P2.Testing_P2.TrianguloTest.testSetA1numLong"></a><a href="#ISO2_2022_BC02_Testing_P2.Testing_P2.TrianguloTest.testSetA1numLong">testSetA1numLong</a>
<div class="detailToggle" style="display:inline"><a href="javascript:toggleDisplay('ISO2_2022_BC02_Testing_P2.Testing_P2.TrianguloTest.testSetA1numLong');"><span style="display:inline;" id="ISO2_2022_BC02_Testing_P2.Testing_P2.TrianguloTest.testSetA1numLong-off"> + </span><span style="display:none;" id="ISO2_2022_BC02_Testing_P2.Testing_P2.TrianguloTest.testSetA1numLong-on"> - </span>[ Detail ]</a></div></td>
<td align="left">0.001</td></tr>
<tr class="b">
<td align="left"></td>
<td align="left">El &#xe1;ngulo no puede ser 0.</td>
<td align="left"></td></tr>
<tr class="a">
<td align="left"></td>
<td align="left">
<div id="ISO2_2022_BC02_Testing_P2.Testing_P2.TrianguloTest.testSetA1numLong-error" style="display:none;">
<div>
<pre>ISO2_2022_BC02_Testing_P2.Testing_P2.anguloNoValido: El &#xe1;ngulo no puede ser 0.
	at ISO2_2022_BC02_Testing_P2.Testing_P2.Triangulo.comprobarAngulo(Triangulo.java:101)
	at ISO2_2022_BC02_Testing_P2.Testing_P2.Triangulo.setA1(Triangulo.java:49)
	at ISO2_2022_BC02_Testing_P2.Testing_P2.TrianguloTest.testSetA1numLong(TrianguloTest.java:322)
	at sun.reflect.NativeMethodAccessorImpl.invoke0(Native Method)
	at sun.reflect.NativeMethodAccessorImpl.invoke(NativeMethodAccessorImpl.java:62)
	at sun.reflect.DelegatingMethodAccessorImpl.invoke(DelegatingMethodAccessorImpl.java:43)
	at java.lang.reflect.Method.invoke(Method.java:498)
	at org.junit.runners.model.FrameworkMethod$1.runReflectiveCall(FrameworkMethod.java:59)
	at org.junit.internal.runners.model.ReflectiveCallable.run(ReflectiveCallable.java:12)
	at org.junit.runners.model.FrameworkMethod.invokeExplosively(FrameworkMethod.java:56)
	at org.junit.internal.runners.statements.InvokeMethod.evaluate(InvokeMethod.java:17)
	at org.junit.runners.ParentRunner$3.evaluate(ParentRunner.java:306)
	at org.junit.runners.BlockJUnit4ClassRunner$1.evaluate(BlockJUnit4ClassRunner.java:100)
	at org.junit.runners.ParentRunner.runLeaf(ParentRunner.java:366)
	at org.junit.runners.BlockJUnit4ClassRunner.runChild(BlockJUnit4ClassRunner.java:103)
	at org.junit.runners.BlockJUnit4ClassRunner.runChild(BlockJUnit4ClassRunner.java:63)
	at org.junit.runners.ParentRunner$4.run(ParentRunner.java:331)
	at org.junit.runners.ParentRunner$1.schedule(ParentRunner.java:79)
	at org.junit.runners.ParentRunner.runChildren(ParentRunner.java:329)
	at org.junit.runners.ParentRunner.access$100(ParentRunner.java:66)
	at org.junit.runners.ParentRunner$2.evaluate(ParentRunner.java:293)
	at org.junit.runners.ParentRunner$3.evaluate(ParentRunner.java:306)
	at org.junit.runners.ParentRunner.run(ParentRunner.java:413)
	at org.apache.maven.surefire.junit4.JUnit4Provider.execute(JUnit4Provider.java:252)
	at org.apache.maven.surefire.junit4.JUnit4Provider.executeTestSet(JUnit4Provider.java:141)
	at org.apache.maven.surefire.junit4.JUnit4Provider.invoke(JUnit4Provider.java:112)
	at sun.reflect.NativeMethodAccessorImpl.invoke0(Native Method)
	at sun.reflect.NativeMethodAccessorImpl.invoke(NativeMethodAccessorImpl.java:62)
	at sun.reflect.DelegatingMethodAccessorImpl.invoke(DelegatingMethodAccessorImpl.java:43)
	at java.lang.reflect.Method.invoke(Method.java:498)
	at org.apache.maven.surefire.util.ReflectionUtils.invokeMethodWithArray(ReflectionUtils.java:189)
	at org.apache.maven.surefire.booter.ProviderFactory$ProviderProxy.invoke(ProviderFactory.java:165)
	at org.apache.maven.surefire.booter.ProviderFactory.invokeProvider(ProviderFactory.java:85)
	at org.apache.maven.surefire.booter.ForkedBooter.runSuitesInProcess(ForkedBooter.java:115)
	at org.apache.maven.surefire.booter.ForkedBooter.main(ForkedBooter.java:75)</pre></div></div></td>
<td align="left"></td></tr>
<tr class="b">
<td align="left"><figure><img src="images/icon_success_sml.gif" alt="" /></figure></td>
<td align="left"><a name="TC_ISO2_2022_BC02_Testing_P2.Testing_P2.TrianguloTest.testClasificarPorAngulos"></a>testClasificarPorAngulos</td>
<td align="left">0</td></tr>
<tr class="a">
<td align="left"><figure><img src="images/icon_success_sml.gif" alt="" /></figure></td>
<td align="left"><a name="TC_ISO2_2022_BC02_Testing_P2.Testing_P2.TrianguloTest.testSetL3numNegativo"></a>testSetL3numNegativo</td>
<td align="left">0.001</td></tr>
<tr class="b">
<td align="left"><a href="#ISO2_2022_BC02_Testing_P2.Testing_P2.TrianguloTest.testSetL3String"><figure><img src="images/icon_error_sml.gif" alt="" /></figure></a></td>
<td align="left"><a name="TC_ISO2_2022_BC02_Testing_P2.Testing_P2.TrianguloTest.testSetL3String"></a><a href="#ISO2_2022_BC02_Testing_P2.Testing_P2.TrianguloTest.testSetL3String">testSetL3String</a>
<div class="detailToggle" style="display:inline"><a href="javascript:toggleDisplay('ISO2_2022_BC02_Testing_P2.Testing_P2.TrianguloTest.testSetL3String');"><span style="display:inline;" id="ISO2_2022_BC02_Testing_P2.Testing_P2.TrianguloTest.testSetL3String-off"> + </span><span style="display:none;" id="ISO2_2022_BC02_Testing_P2.Testing_P2.TrianguloTest.testSetL3String-on"> - </span>[ Detail ]</a></div></td>
<td align="left">0.003</td></tr>
<tr class="a">
<td align="left"></td>
<td align="left">El lado no puede medir cero.</td>
<td align="left"></td></tr>
<tr class="b">
<td align="left"></td>
<td align="left">
<div id="ISO2_2022_BC02_Testing_P2.Testing_P2.TrianguloTest.testSetL3String-error" style="display:none;">
<div>
<pre>ISO2_2022_BC02_Testing_P2.Testing_P2.numCero: El lado no puede medir cero.
	at ISO2_2022_BC02_Testing_P2.Testing_P2.Triangulo.comprobarLado(Triangulo.java:89)
	at ISO2_2022_BC02_Testing_P2.Testing_P2.Triangulo.setL3(Triangulo.java:41)
	at ISO2_2022_BC02_Testing_P2.Testing_P2.TrianguloTest.testSetL3String(TrianguloTest.java:208)
	at sun.reflect.NativeMethodAccessorImpl.invoke0(Native Method)
	at sun.reflect.NativeMethodAccessorImpl.invoke(NativeMethodAccessorImpl.java:62)
	at sun.reflect.DelegatingMethodAccessorImpl.invoke(DelegatingMethodAccessorImpl.java:43)
	at java.lang.reflect.Method.invoke(Method.java:498)
	at org.junit.runners.model.FrameworkMethod$1.runReflectiveCall(FrameworkMethod.java:59)
	at org.junit.internal.runners.model.ReflectiveCallable.run(ReflectiveCallable.java:12)
	at org.junit.runners.model.FrameworkMethod.invokeExplosively(FrameworkMethod.java:56)
	at org.junit.internal.runners.statements.InvokeMethod.evaluate(InvokeMethod.java:17)
	at org.junit.runners.ParentRunner$3.evaluate(ParentRunner.java:306)
	at org.junit.runners.BlockJUnit4ClassRunner$1.evaluate(BlockJUnit4ClassRunner.java:100)
	at org.junit.runners.ParentRunner.runLeaf(ParentRunner.java:366)
	at org.junit.runners.BlockJUnit4ClassRunner.runChild(BlockJUnit4ClassRunner.java:103)
	at org.junit.runners.BlockJUnit4ClassRunner.runChild(BlockJUnit4ClassRunner.java:63)
	at org.junit.runners.ParentRunner$4.run(ParentRunner.java:331)
	at org.junit.runners.ParentRunner$1.schedule(ParentRunner.java:79)
	at org.junit.runners.ParentRunner.runChildren(ParentRunner.java:329)
	at org.junit.runners.ParentRunner.access$100(ParentRunner.java:66)
	at org.junit.runners.ParentRunner$2.evaluate(ParentRunner.java:293)
	at org.junit.runners.ParentRunner$3.evaluate(ParentRunner.java:306)
	at org.junit.runners.ParentRunner.run(ParentRunner.java:413)
	at org.apache.maven.surefire.junit4.JUnit4Provider.execute(JUnit4Provider.java:252)
	at org.apache.maven.surefire.junit4.JUnit4Provider.executeTestSet(JUnit4Provider.java:141)
	at org.apache.maven.surefire.junit4.JUnit4Provider.invoke(JUnit4Provider.java:112)
	at sun.reflect.NativeMethodAccessorImpl.invoke0(Native Method)
	at sun.reflect.NativeMethodAccessorImpl.invoke(NativeMethodAccessorImpl.java:62)
	at sun.reflect.DelegatingMethodAccessorImpl.invoke(DelegatingMethodAccessorImpl.java:43)
	at java.lang.reflect.Method.invoke(Method.java:498)
	at org.apache.maven.surefire.util.ReflectionUtils.invokeMethodWithArray(ReflectionUtils.java:189)
	at org.apache.maven.surefire.booter.ProviderFactory$ProviderProxy.invoke(ProviderFactory.java:165)
	at org.apache.maven.surefire.booter.ProviderFactory.invokeProvider(ProviderFactory.java:85)
	at org.apache.maven.surefire.booter.ForkedBooter.runSuitesInProcess(ForkedBooter.java:115)
	at org.apache.maven.surefire.booter.ForkedBooter.main(ForkedBooter.java:75)
</pre></div></div></td>
<td align="left"></td></tr>
<tr class="a">
<td align="left"><figure><img src="images/icon_success_sml.gif" alt="" /></figure></td>
<td align="left"><a name="TC_ISO2_2022_BC02_Testing_P2.Testing_P2.TrianguloTest.testComprobarIntCero"></a>testComprobarIntCero</td>
<td align="left">0</td></tr>
<tr class="b">
<td align="left"><figure><img src="images/icon_success_sml.gif" alt="" /></figure></td>
<td align="left"><a name="TC_ISO2_2022_BC02_Testing_P2.Testing_P2.TrianguloTest.testComprobarIntLong"></a>testComprobarIntLong</td>
<td align="left">0.002</td></tr>
<tr class="a">
<td align="left"><figure><img src="images/icon_success_sml.gif" alt="" /></figure></td>
<td align="left"><a name="TC_ISO2_2022_BC02_Testing_P2.Testing_P2.TrianguloTest.testComprobarLadoCero"></a>testComprobarLadoCero</td>
<td align="left">0</td></tr>
<tr class="b">
<td align="left"><a href="#ISO2_2022_BC02_Testing_P2.Testing_P2.TrianguloTest.testComprobarLadoLong"><figure><img src="images/icon_error_sml.gif" alt="" /></figure></a></td>
<td align="left"><a name="TC_ISO2_2022_BC02_Testing_P2.Testing_P2.TrianguloTest.testComprobarLadoLong"></a><a href="#ISO2_2022_BC02_Testing_P2.Testing_P2.TrianguloTest.testComprobarLadoLong">testComprobarLadoLong</a>
<div class="detailToggle" style="display:inline"><a href="javascript:toggleDisplay('ISO2_2022_BC02_Testing_P2.Testing_P2.TrianguloTest.testComprobarLadoLong');"><span style="display:inline;" id="ISO2_2022_BC02_Testing_P2.Testing_P2.TrianguloTest.testComprobarLadoLong-off"> + </span><span style="display:none;" id="ISO2_2022_BC02_Testing_P2.Testing_P2.TrianguloTest.testComprobarLadoLong-on"> - </span>[ Detail ]</a></div></td>
<td align="left">0.001</td></tr>
<tr class="a">
<td align="left"></td>
<td align="left">El lado no puede medir cero.</td>
<td align="left"></td></tr>
<tr class="b">
<td align="left"></td>
<td align="left">
<div id="ISO2_2022_BC02_Testing_P2.Testing_P2.TrianguloTest.testComprobarLadoLong-error" style="display:none;">
<div>
<pre>ISO2_2022_BC02_Testing_P2.Testing_P2.numCero: El lado no puede medir cero.
	at ISO2_2022_BC02_Testing_P2.Testing_P2.Triangulo.comprobarLado(Triangulo.java:89)
	at ISO2_2022_BC02_Testing_P2.Testing_P2.TrianguloTest.testComprobarLadoLong(TrianguloTest.java:568)
	at sun.reflect.NativeMethodAccessorImpl.invoke0(Native Method)
	at sun.reflect.NativeMethodAccessorImpl.invoke(NativeMethodAccessorImpl.java:62)
	at sun.reflect.DelegatingMethodAccessorImpl.invoke(DelegatingMethodAccessorImpl.java:43)
	at java.lang.reflect.Method.invoke(Method.java:498)
	at org.junit.runners.model.FrameworkMethod$1.runReflectiveCall(FrameworkMethod.java:59)
	at org.junit.internal.runners.model.ReflectiveCallable.run(ReflectiveCallable.java:12)
	at org.junit.runners.model.FrameworkMethod.invokeExplosively(FrameworkMethod.java:56)
	at org.junit.internal.runners.statements.InvokeMethod.evaluate(InvokeMethod.java:17)
	at org.junit.runners.ParentRunner$3.evaluate(ParentRunner.java:306)
	at org.junit.runners.BlockJUnit4ClassRunner$1.evaluate(BlockJUnit4ClassRunner.java:100)
	at org.junit.runners.ParentRunner.runLeaf(ParentRunner.java:366)
	at org.junit.runners.BlockJUnit4ClassRunner.runChild(BlockJUnit4ClassRunner.java:103)
	at org.junit.runners.BlockJUnit4ClassRunner.runChild(BlockJUnit4ClassRunner.java:63)
	at org.junit.runners.ParentRunner$4.run(ParentRunner.java:331)
	at org.junit.runners.ParentRunner$1.schedule(ParentRunner.java:79)
	at org.junit.runners.ParentRunner.runChildren(ParentRunner.java:329)
	at org.junit.runners.ParentRunner.access$100(ParentRunner.java:66)
	at org.junit.runners.ParentRunner$2.evaluate(ParentRunner.java:293)
	at org.junit.runners.ParentRunner$3.evaluate(ParentRunner.java:306)
	at org.junit.runners.ParentRunner.run(ParentRunner.java:413)
	at org.apache.maven.surefire.junit4.JUnit4Provider.execute(JUnit4Provider.java:252)
	at org.apache.maven.surefire.junit4.JUnit4Provider.executeTestSet(JUnit4Provider.java:141)
	at org.apache.maven.surefire.junit4.JUnit4Provider.invoke(JUnit4Provider.java:112)
	at sun.reflect.NativeMethodAccessorImpl.invoke0(Native Method)
	at sun.reflect.NativeMethodAccessorImpl.invoke(NativeMethodAccessorImpl.java:62)
	at sun.reflect.DelegatingMethodAccessorImpl.invoke(DelegatingMethodAccessorImpl.java:43)
	at java.lang.reflect.Method.invoke(Method.java:498)
	at org.apache.maven.surefire.util.ReflectionUtils.invokeMethodWithArray(ReflectionUtils.java:189)
	at org.apache.maven.surefire.booter.ProviderFactory$ProviderProxy.invoke(ProviderFactory.java:165)
	at org.apache.maven.surefire.booter.ProviderFactory.invokeProvider(ProviderFactory.java:85)
	at org.apache.maven.surefire.booter.ForkedBooter.runSuitesInProcess(ForkedBooter.java:115)
	at org.apache.maven.surefire.booter.ForkedBooter.main(ForkedBooter.java:75)
</pre></div></div></td>
<td align="left"></td></tr>
<tr class="a">
<td align="left"><figure><img src="images/icon_success_sml.gif" alt="" /></figure></td>
<td align="left"><a name="TC_ISO2_2022_BC02_Testing_P2.Testing_P2.TrianguloTest.testSetTipoLados"></a>testSetTipoLados</td>
<td align="left">0</td></tr>
<tr class="b">
<td align="left"><a href="#ISO2_2022_BC02_Testing_P2.Testing_P2.TrianguloTest.testGetTipoAngulos"><figure><img src="images/icon_error_sml.gif" alt="" /></figure></a></td>
<td align="left"><a name="TC_ISO2_2022_BC02_Testing_P2.Testing_P2.TrianguloTest.testGetTipoAngulos"></a><a href="#ISO2_2022_BC02_Testing_P2.Testing_P2.TrianguloTest.testGetTipoAngulos">testGetTipoAngulos</a>
<div class="detailToggle" style="display:inline"><a href="javascript:toggleDisplay('ISO2_2022_BC02_Testing_P2.Testing_P2.TrianguloTest.testGetTipoAngulos');"><span style="display:inline;" id="ISO2_2022_BC02_Testing_P2.Testing_P2.TrianguloTest.testGetTipoAngulos-off"> + </span><span style="display:none;" id="ISO2_2022_BC02_Testing_P2.Testing_P2.TrianguloTest.testGetTipoAngulos-on"> - </span>[ Detail ]</a></div></td>
<td align="left">0.002</td></tr>
<tr class="a">
<td align="left"></td>
<td align="left">expected:&lt;OBTUSANGULO&gt; but was:&lt;null&gt;</td>
<td align="left"></td></tr>
<tr class="b">
<td align="left"></td>
<td align="left">
<div id="ISO2_2022_BC02_Testing_P2.Testing_P2.TrianguloTest.testGetTipoAngulos-failure" style="display:none;">
<div>
<pre>java.lang.AssertionError: expected:&lt;OBTUSANGULO&gt; but was:&lt;null&gt;
	at org.junit.Assert.fail(Assert.java:89)
	at org.junit.Assert.failNotEquals(Assert.java:835)
	at org.junit.Assert.assertEquals(Assert.java:120)
	at org.junit.Assert.assertEquals(Assert.java:146)
	at ISO2_2022_BC02_Testing_P2.Testing_P2.TrianguloTest.testGetTipoAngulos(TrianguloTest.java:492)
	at sun.reflect.NativeMethodAccessorImpl.invoke0(Native Method)
	at sun.reflect.NativeMethodAccessorImpl.invoke(NativeMethodAccessorImpl.java:62)
	at sun.reflect.DelegatingMethodAccessorImpl.invoke(DelegatingMethodAccessorImpl.java:43)
	at java.lang.reflect.Method.invoke(Method.java:498)
	at org.junit.runners.model.FrameworkMethod$1.runReflectiveCall(FrameworkMethod.java:59)
	at org.junit.internal.runners.model.ReflectiveCallable.run(ReflectiveCallable.java:12)
	at org.junit.runners.model.FrameworkMethod.invokeExplosively(FrameworkMethod.java:56)
	at org.junit.internal.runners.statements.InvokeMethod.evaluate(InvokeMethod.java:17)
	at org.junit.runners.ParentRunner$3.evaluate(ParentRunner.java:306)
	at org.junit.runners.BlockJUnit4ClassRunner$1.evaluate(BlockJUnit4ClassRunner.java:100)
	at org.junit.runners.ParentRunner.runLeaf(ParentRunner.java:366)
	at org.junit.runners.BlockJUnit4ClassRunner.runChild(BlockJUnit4ClassRunner.java:103)
	at org.junit.runners.BlockJUnit4ClassRunner.runChild(BlockJUnit4ClassRunner.java:63)
	at org.junit.runners.ParentRunner$4.run(ParentRunner.java:331)
	at org.junit.runners.ParentRunner$1.schedule(ParentRunner.java:79)
	at org.junit.runners.ParentRunner.runChildren(ParentRunner.java:329)
	at org.junit.runners.ParentRunner.access$100(ParentRunner.java:66)
	at org.junit.runners.ParentRunner$2.evaluate(ParentRunner.java:293)
	at org.junit.runners.ParentRunner$3.evaluate(ParentRunner.java:306)
	at org.junit.runners.ParentRunner.run(ParentRunner.java:413)
	at org.apache.maven.surefire.junit4.JUnit4Provider.execute(JUnit4Provider.java:252)
	at org.apache.maven.surefire.junit4.JUnit4Provider.executeTestSet(JUnit4Provider.java:141)
	at org.apache.maven.surefire.junit4.JUnit4Provider.invoke(JUnit4Provider.java:112)
	at sun.reflect.NativeMethodAccessorImpl.invoke0(Native Method)
	at sun.reflect.NativeMethodAccessorImpl.invoke(NativeMethodAccessorImpl.java:62)
	at sun.reflect.DelegatingMethodAccessorImpl.invoke(DelegatingMethodAccessorImpl.java:43)
	at java.lang.reflect.Method.invoke(Method.java:498)
	at org.apache.maven.surefire.util.ReflectionUtils.invokeMethodWithArray(ReflectionUtils.java:189)
	at org.apache.maven.surefire.booter.ProviderFactory$ProviderProxy.invoke(ProviderFactory.java:165)
	at org.apache.maven.surefire.booter.ProviderFactory.invokeProvider(ProviderFactory.java:85)
	at org.apache.maven.surefire.booter.ForkedBooter.runSuitesInProcess(ForkedBooter.java:115)
	at org.apache.maven.surefire.booter.ForkedBooter.main(ForkedBooter.java:75)
</pre></div></div></td>
<td align="left"></td></tr>
<tr class="a">
<td align="left"><a href="#ISO2_2022_BC02_Testing_P2.Testing_P2.TrianguloTest.testComprobarAnguloLong"><figure><img src="images/icon_error_sml.gif" alt="" /></figure></a></td>
<td align="left"><a name="TC_ISO2_2022_BC02_Testing_P2.Testing_P2.TrianguloTest.testComprobarAnguloLong"></a><a href="#ISO2_2022_BC02_Testing_P2.Testing_P2.TrianguloTest.testComprobarAnguloLong">testComprobarAnguloLong</a>
<div class="detailToggle" style="display:inline"><a href="javascript:toggleDisplay('ISO2_2022_BC02_Testing_P2.Testing_P2.TrianguloTest.testComprobarAnguloLong');"><span style="display:inline;" id="ISO2_2022_BC02_Testing_P2.Testing_P2.TrianguloTest.testComprobarAnguloLong-off"> + </span><span style="display:none;" id="ISO2_2022_BC02_Testing_P2.Testing_P2.TrianguloTest.testComprobarAnguloLong-on"> - </span>[ Detail ]</a></div></td>
<td align="left">0.022</td></tr>
<tr class="b">
<td align="left"></td>
<td align="left">El &#xe1;ngulo no puede ser 0.</td>
<td align="left"></td></tr>
<tr class="a">
<td align="left"></td>
<td align="left">
<div id="ISO2_2022_BC02_Testing_P2.Testing_P2.TrianguloTest.testComprobarAnguloLong-error" style="display:none;">
<div>
<pre>ISO2_2022_BC02_Testing_P2.Testing_P2.anguloNoValido: El &#xe1;ngulo no puede ser 0.
	at ISO2_2022_BC02_Testing_P2.Testing_P2.Triangulo.comprobarAngulo(Triangulo.java:101)
	at ISO2_2022_BC02_Testing_P2.Testing_P2.TrianguloTest.testComprobarAnguloLong(TrianguloTest.java:645)
	at sun.reflect.NativeMethodAccessorImpl.invoke0(Native Method)
	at sun.reflect.NativeMethodAccessorImpl.invoke(NativeMethodAccessorImpl.java:62)
	at sun.reflect.DelegatingMethodAccessorImpl.invoke(DelegatingMethodAccessorImpl.java:43)
	at java.lang.reflect.Method.invoke(Method.java:498)
	at org.junit.runners.model.FrameworkMethod$1.runReflectiveCall(FrameworkMethod.java:59)
	at org.junit.internal.runners.model.ReflectiveCallable.run(ReflectiveCallable.java:12)
	at org.junit.runners.model.FrameworkMethod.invokeExplosively(FrameworkMethod.java:56)
	at org.junit.internal.runners.statements.InvokeMethod.evaluate(InvokeMethod.java:17)
	at org.junit.runners.ParentRunner$3.evaluate(ParentRunner.java:306)
	at org.junit.runners.BlockJUnit4ClassRunner$1.evaluate(BlockJUnit4ClassRunner.java:100)
	at org.junit.runners.ParentRunner.runLeaf(ParentRunner.java:366)
	at org.junit.runners.BlockJUnit4ClassRunner.runChild(BlockJUnit4ClassRunner.java:103)
	at org.junit.runners.BlockJUnit4ClassRunner.runChild(BlockJUnit4ClassRunner.java:63)
	at org.junit.runners.ParentRunner$4.run(ParentRunner.java:331)
	at org.junit.runners.ParentRunner$1.schedule(ParentRunner.java:79)
	at org.junit.runners.ParentRunner.runChildren(ParentRunner.java:329)
	at org.junit.runners.ParentRunner.access$100(ParentRunner.java:66)
	at org.junit.runners.ParentRunner$2.evaluate(ParentRunner.java:293)
	at org.junit.runners.ParentRunner$3.evaluate(ParentRunner.java:306)
	at org.junit.runners.ParentRunner.run(ParentRunner.java:413)
	at org.apache.maven.surefire.junit4.JUnit4Provider.execute(JUnit4Provider.java:252)
	at org.apache.maven.surefire.junit4.JUnit4Provider.executeTestSet(JUnit4Provider.java:141)
	at org.apache.maven.surefire.junit4.JUnit4Provider.invoke(JUnit4Provider.java:112)
	at sun.reflect.NativeMethodAccessorImpl.invoke0(Native Method)
	at sun.reflect.NativeMethodAccessorImpl.invoke(NativeMethodAccessorImpl.java:62)
	at sun.reflect.DelegatingMethodAccessorImpl.invoke(DelegatingMethodAccessorImpl.java:43)
	at java.lang.reflect.Method.invoke(Method.java:498)
	at org.apache.maven.surefire.util.ReflectionUtils.invokeMethodWithArray(ReflectionUtils.java:189)
	at org.apache.maven.surefire.booter.ProviderFactory$ProviderProxy.invoke(ProviderFactory.java:165)
	at org.apache.maven.surefire.booter.ProviderFactory.invokeProvider(ProviderFactory.java:85)
	at org.apache.maven.surefire.booter.ForkedBooter.runSuitesInProcess(ForkedBooter.java:115)
	at org.apache.maven.surefire.booter.ForkedBooter.main(ForkedBooter.java:75)
</pre></div></div></td>
<td align="left"></td></tr>
<tr class="b">
<td align="left"><a href="#ISO2_2022_BC02_Testing_P2.Testing_P2.TrianguloTest.testSetA1String"><figure><img src="images/icon_error_sml.gif" alt="" /></figure></a></td>
<td align="left"><a name="TC_ISO2_2022_BC02_Testing_P2.Testing_P2.TrianguloTest.testSetA1String"></a><a href="#ISO2_2022_BC02_Testing_P2.Testing_P2.TrianguloTest.testSetA1String">testSetA1String</a>
<div class="detailToggle" style="display:inline"><a href="javascript:toggleDisplay('ISO2_2022_BC02_Testing_P2.Testing_P2.TrianguloTest.testSetA1String');"><span style="display:inline;" id="ISO2_2022_BC02_Testing_P2.Testing_P2.TrianguloTest.testSetA1String-off"> + </span><span style="display:none;" id="ISO2_2022_BC02_Testing_P2.Testing_P2.TrianguloTest.testSetA1String-on"> - </span>[ Detail ]</a></div></td>
<td align="left">0</td></tr>
<tr class="a">
<td align="left"></td>
<td align="left">El &#xe1;ngulo no puede ser 0.</td>
<td align="left"></td></tr>
<tr class="b">
<td align="left"></td>
<td align="left">
<div id="ISO2_2022_BC02_Testing_P2.Testing_P2.TrianguloTest.testSetA1String-error" style="display:none;">
<div>
<pre>ISO2_2022_BC02_Testing_P2.Testing_P2.anguloNoValido: El &#xe1;ngulo no puede ser 0.
	at ISO2_2022_BC02_Testing_P2.Testing_P2.Triangulo.comprobarAngulo(Triangulo.java:101)
	at ISO2_2022_BC02_Testing_P2.Testing_P2.Triangulo.setA1(Triangulo.java:49)
	at ISO2_2022_BC02_Testing_P2.Testing_P2.TrianguloTest.testSetA1String(TrianguloTest.java:308)
	at sun.reflect.NativeMethodAccessorImpl.invoke0(Native Method)
	at sun.reflect.NativeMethodAccessorImpl.invoke(NativeMethodAccessorImpl.java:62)
	at sun.reflect.DelegatingMethodAccessorImpl.invoke(DelegatingMethodAccessorImpl.java:43)
	at java.lang.reflect.Method.invoke(Method.java:498)
	at org.junit.runners.model.FrameworkMethod$1.runReflectiveCall(FrameworkMethod.java:59)
	at org.junit.internal.runners.model.ReflectiveCallable.run(ReflectiveCallable.java:12)
	at org.junit.runners.model.FrameworkMethod.invokeExplosively(FrameworkMethod.java:56)
	at org.junit.internal.runners.statements.InvokeMethod.evaluate(InvokeMethod.java:17)
	at org.junit.runners.ParentRunner$3.evaluate(ParentRunner.java:306)
	at org.junit.runners.BlockJUnit4ClassRunner$1.evaluate(BlockJUnit4ClassRunner.java:100)
	at org.junit.runners.ParentRunner.runLeaf(ParentRunner.java:366)
	at org.junit.runners.BlockJUnit4ClassRunner.runChild(BlockJUnit4ClassRunner.java:103)
	at org.junit.runners.BlockJUnit4ClassRunner.runChild(BlockJUnit4ClassRunner.java:63)
	at org.junit.runners.ParentRunner$4.run(ParentRunner.java:331)
	at org.junit.runners.ParentRunner$1.schedule(ParentRunner.java:79)
	at org.junit.runners.ParentRunner.runChildren(ParentRunner.java:329)
	at org.junit.runners.ParentRunner.access$100(ParentRunner.java:66)
	at org.junit.runners.ParentRunner$2.evaluate(ParentRunner.java:293)
	at org.junit.runners.ParentRunner$3.evaluate(ParentRunner.java:306)
	at org.junit.runners.ParentRunner.run(ParentRunner.java:413)
	at org.apache.maven.surefire.junit4.JUnit4Provider.execute(JUnit4Provider.java:252)
	at org.apache.maven.surefire.junit4.JUnit4Provider.executeTestSet(JUnit4Provider.java:141)
	at org.apache.maven.surefire.junit4.JUnit4Provider.invoke(JUnit4Provider.java:112)
	at sun.reflect.NativeMethodAccessorImpl.invoke0(Native Method)
	at sun.reflect.NativeMethodAccessorImpl.invoke(NativeMethodAccessorImpl.java:62)
	at sun.reflect.DelegatingMethodAccessorImpl.invoke(DelegatingMethodAccessorImpl.java:43)
	at java.lang.reflect.Method.invoke(Method.java:498)
	at org.apache.maven.surefire.util.ReflectionUtils.invokeMethodWithArray(ReflectionUtils.java:189)
	at org.apache.maven.surefire.booter.ProviderFactory$ProviderProxy.invoke(ProviderFactory.java:165)
	at org.apache.maven.surefire.booter.ProviderFactory.invokeProvider(ProviderFactory.java:85)
	at org.apache.maven.surefire.booter.ForkedBooter.runSuitesInProcess(ForkedBooter.java:115)
	at org.apache.maven.surefire.booter.ForkedBooter.main(ForkedBooter.java:75)</pre></div></div></td>
<td align="left"></td></tr>
<tr class="a">
<td align="left"><figure><img src="images/icon_success_sml.gif" alt="" /></figure></td>
<td align="left"><a name="TC_ISO2_2022_BC02_Testing_P2.Testing_P2.TrianguloTest.testSetL3numCero"></a>testSetL3numCero</td>
<td align="left">0</td></tr>
<tr class="b">
<td align="left"><a href="#ISO2_2022_BC02_Testing_P2.Testing_P2.TrianguloTest.testSetL3numLong"><figure><img src="images/icon_error_sml.gif" alt="" /></figure></a></td>
<td align="left"><a name="TC_ISO2_2022_BC02_Testing_P2.Testing_P2.TrianguloTest.testSetL3numLong"></a><a href="#ISO2_2022_BC02_Testing_P2.Testing_P2.TrianguloTest.testSetL3numLong">testSetL3numLong</a>
<div class="detailToggle" style="display:inline"><a href="javascript:toggleDisplay('ISO2_2022_BC02_Testing_P2.Testing_P2.TrianguloTest.testSetL3numLong');"><span style="display:inline;" id="ISO2_2022_BC02_Testing_P2.Testing_P2.TrianguloTest.testSetL3numLong-off"> + </span><span style="display:none;" id="ISO2_2022_BC02_Testing_P2.Testing_P2.TrianguloTest.testSetL3numLong-on"> - </span>[ Detail ]</a></div></td>
<td align="left">0</td></tr>
<tr class="a">
<td align="left"></td>
<td align="left">El lado no puede medir cero.</td>
<td align="left"></td></tr>
<tr class="b">
<td align="left"></td>
<td align="left">
<div id="ISO2_2022_BC02_Testing_P2.Testing_P2.TrianguloTest.testSetL3numLong-error" style="display:none;">
<div>
<pre>ISO2_2022_BC02_Testing_P2.Testing_P2.numCero: El lado no puede medir cero.
	at ISO2_2022_BC02_Testing_P2.Testing_P2.Triangulo.comprobarLado(Triangulo.java:89)
	at ISO2_2022_BC02_Testing_P2.Testing_P2.Triangulo.setL3(Triangulo.java:41)
	at ISO2_2022_BC02_Testing_P2.Testing_P2.TrianguloTest.testSetL3numLong(TrianguloTest.java:199)
	at sun.reflect.NativeMethodAccessorImpl.invoke0(Native Method)
	at sun.reflect.NativeMethodAccessorImpl.invoke(NativeMethodAccessorImpl.java:62)
	at sun.reflect.DelegatingMethodAccessorImpl.invoke(DelegatingMethodAccessorImpl.java:43)
	at java.lang.reflect.Method.invoke(Method.java:498)
	at org.junit.runners.model.FrameworkMethod$1.runReflectiveCall(FrameworkMethod.java:59)
	at org.junit.internal.runners.model.ReflectiveCallable.run(ReflectiveCallable.java:12)
	at org.junit.runners.model.FrameworkMethod.invokeExplosively(FrameworkMethod.java:56)
	at org.junit.internal.runners.statements.InvokeMethod.evaluate(InvokeMethod.java:17)
	at org.junit.runners.ParentRunner$3.evaluate(ParentRunner.java:306)
	at org.junit.runners.BlockJUnit4ClassRunner$1.evaluate(BlockJUnit4ClassRunner.java:100)
	at org.junit.runners.ParentRunner.runLeaf(ParentRunner.java:366)
	at org.junit.runners.BlockJUnit4ClassRunner.runChild(BlockJUnit4ClassRunner.java:103)
	at org.junit.runners.BlockJUnit4ClassRunner.runChild(BlockJUnit4ClassRunner.java:63)
	at org.junit.runners.ParentRunner$4.run(ParentRunner.java:331)
	at org.junit.runners.ParentRunner$1.schedule(ParentRunner.java:79)
	at org.junit.runners.ParentRunner.runChildren(ParentRunner.java:329)
	at org.junit.runners.ParentRunner.access$100(ParentRunner.java:66)
	at org.junit.runners.ParentRunner$2.evaluate(ParentRunner.java:293)
	at org.junit.runners.ParentRunner$3.evaluate(ParentRunner.java:306)
	at org.junit.runners.ParentRunner.run(ParentRunner.java:413)
	at org.apache.maven.surefire.junit4.JUnit4Provider.execute(JUnit4Provider.java:252)
	at org.apache.maven.surefire.junit4.JUnit4Provider.executeTestSet(JUnit4Provider.java:141)
	at org.apache.maven.surefire.junit4.JUnit4Provider.invoke(JUnit4Provider.java:112)
	at sun.reflect.NativeMethodAccessorImpl.invoke0(Native Method)
	at sun.reflect.NativeMethodAccessorImpl.invoke(NativeMethodAccessorImpl.java:62)
	at sun.reflect.DelegatingMethodAccessorImpl.invoke(DelegatingMethodAccessorImpl.java:43)
	at java.lang.reflect.Method.invoke(Method.java:498)
	at org.apache.maven.surefire.util.ReflectionUtils.invokeMethodWithArray(ReflectionUtils.java:189)
	at org.apache.maven.surefire.booter.ProviderFactory$ProviderProxy.invoke(ProviderFactory.java:165)
	at org.apache.maven.surefire.booter.ProviderFactory.invokeProvider(ProviderFactory.java:85)
	at org.apache.maven.surefire.booter.ForkedBooter.runSuitesInProcess(ForkedBooter.java:115)
	at org.apache.maven.surefire.booter.ForkedBooter.main(ForkedBooter.java:75)
</pre></div></div></td>
<td align="left"></td></tr>
<tr class="a">
<td align="left"><figure><img src="images/icon_success_sml.gif" alt="" /></figure></td>
<td align="left"><a name="TC_ISO2_2022_BC02_Testing_P2.Testing_P2.TrianguloTest.testComprobarAnguloPositivo"></a>testComprobarAnguloPositivo</td>
<td align="left">0.001</td></tr>
<tr class="b">
<td align="left"><figure><img src="images/icon_success_sml.gif" alt="" /></figure></td>
<td align="left"><a name="TC_ISO2_2022_BC02_Testing_P2.Testing_P2.TrianguloTest.testComprobarLadoPositivo"></a>testComprobarLadoPositivo</td>
<td align="left">0</td></tr>
<tr class="a">
<td align="left"><figure><img src="images/icon_success_sml.gif" alt="" /></figure></td>
<td align="left"><a name="TC_ISO2_2022_BC02_Testing_P2.Testing_P2.TrianguloTest.testComprobarAnguloNegativo"></a>testComprobarAnguloNegativo</td>
<td align="left">0</td></tr>
<tr class="b">
<td align="left"><figure><img src="images/icon_success_sml.gif" alt="" /></figure></td>
<td align="left"><a name="TC_ISO2_2022_BC02_Testing_P2.Testing_P2.TrianguloTest.testComprobarLadoNegativo"></a>testComprobarLadoNegativo</td>
<td align="left">0</td></tr>
<tr class="a">
<td align="left"><figure><img src="images/icon_success_sml.gif" alt="" /></figure></td>
<td align="left"><a name="TC_ISO2_2022_BC02_Testing_P2.Testing_P2.TrianguloTest.testSetA3numMas360"></a>testSetA3numMas360</td>
<td align="left">0</td></tr></table></section><br /></section><section>
<h2><a name="Failure_Details"></a>Failure Details</h2><a name="Failure_Details"></a>
<p>[<a href="#Summary">Summary</a>] [<a href="#Package_List">Package List</a>] [<a href="#Test_Cases">Test Cases</a>]</p><br />
<table border="1" class="bodyTable">
<tr class="a">
<td align="left"><figure><img src="images/icon_error_sml.gif" alt="" /></figure></td>
<td align="left"><a name="ISO2_2022_BC02_Testing_P2.Testing_P2.TrianguloTest.testSetL1numLong"></a>testSetL1numLong</td></tr>
<tr class="b">
<td align="left"></td>
<td align="left">ISO2_2022_BC02_Testing_P2.Testing_P2.numCero: El lado no puede medir cero.</td></tr>
<tr class="a">
<td align="left"></td>
<td align="left">
<div id="testSetL1numLong-error"><a href="./xref-test/ISO2_2022_BC02_Testing_P2/Testing_P2/TrianguloTest.html#75">ISO2_2022_BC02_Testing_P2.Testing_P2.TrianguloTest:75</a></div></td></tr>
<tr class="b">
<td align="left"><figure><img src="images/icon_error_sml.gif" alt="" /></figure></td>
<td align="left"><a name="ISO2_2022_BC02_Testing_P2.Testing_P2.TrianguloTest.testSetA2String"></a>testSetA2String</td></tr>
<tr class="a">
<td align="left"></td>
<td align="left">ISO2_2022_BC02_Testing_P2.Testing_P2.anguloNoValido: El &#xe1;ngulo no puede ser 0.</td></tr>
<tr class="b">
<td align="left"></td>
<td align="left">
<div id="testSetA2String-error"><a href="./xref-test/ISO2_2022_BC02_Testing_P2/Testing_P2/TrianguloTest.html#394">ISO2_2022_BC02_Testing_P2.Testing_P2.TrianguloTest:394</a></div></td></tr>
<tr class="a">
<td align="left"><figure><img src="images/icon_error_sml.gif" alt="" /></figure></td>
<td align="left"><a name="ISO2_2022_BC02_Testing_P2.Testing_P2.TrianguloTest.testSetA2numLong"></a>testSetA2numLong</td></tr>
<tr class="b">
<td align="left"></td>
<td align="left">ISO2_2022_BC02_Testing_P2.Testing_P2.anguloNoValido: El &#xe1;ngulo no puede ser 0.</td></tr>
<tr class="a">
<td align="left"></td>
<td align="left">
<div id="testSetA2numLong-error"><a href="./xref-test/ISO2_2022_BC02_Testing_P2/Testing_P2/TrianguloTest.html#403">ISO2_2022_BC02_Testing_P2.Testing_P2.TrianguloTest:403</a></div></td></tr>
<tr class="b">
<td align="left"><figure><img src="images/icon_error_sml.gif" alt="" /></figure></td>
<td align="left"><a name="ISO2_2022_BC02_Testing_P2.Testing_P2.TrianguloTest.testComprobarLadoString"></a>testComprobarLadoString</td></tr>
<tr class="a">
<td align="left"></td>
<td align="left">ISO2_2022_BC02_Testing_P2.Testing_P2.numCero: El lado no puede medir cero.</td></tr>
<tr class="b">
<td align="left"></td>
<td align="left">
<div id="testComprobarLadoString-error"><a href="./xref-test/ISO2_2022_BC02_Testing_P2/Testing_P2/TrianguloTest.html#578">ISO2_2022_BC02_Testing_P2.Testing_P2.TrianguloTest:578</a></div></td></tr>
<tr class="a">
<td align="left"><figure><img src="images/icon_error_sml.gif" alt="" /></figure></td>
<td align="left"><a name="ISO2_2022_BC02_Testing_P2.Testing_P2.TrianguloTest.testSetA3String"></a>testSetA3String</td></tr>
<tr class="b">
<td align="left"></td>
<td align="left">ISO2_2022_BC02_Testing_P2.Testing_P2.anguloNoValido: El &#xe1;ngulo no puede ser 0.</td></tr>
<tr class="a">
<td align="left"></td>
<td align="left">
<div id="testSetA3String-error"><a href="./xref-test/ISO2_2022_BC02_Testing_P2/Testing_P2/TrianguloTest.html#474">ISO2_2022_BC02_Testing_P2.Testing_P2.TrianguloTest:474</a></div></td></tr>
<tr class="b">
<td align="left"><figure><img src="images/icon_error_sml.gif" alt="" /></figure></td>
<td align="left"><a name="ISO2_2022_BC02_Testing_P2.Testing_P2.TrianguloTest.testSetL1String"></a>testSetL1String</td></tr>
<tr class="a">
<td align="left"></td>
<td align="left">ISO2_2022_BC02_Testing_P2.Testing_P2.numCero: El lado no puede medir cero.</td></tr>
<tr class="b">
<td align="left"></td>
<td align="left">
<div id="testSetL1String-error"><a href="./xref-test/ISO2_2022_BC02_Testing_P2/Testing_P2/TrianguloTest.html#84">ISO2_2022_BC02_Testing_P2.Testing_P2.TrianguloTest:84</a></div></td></tr>
<tr class="a">
<td align="left"><figure><img src="images/icon_error_sml.gif" alt="" /></figure></td>
<td align="left"><a name="ISO2_2022_BC02_Testing_P2.Testing_P2.TrianguloTest.testGetTipoLados"></a>testGetTipoLados</td></tr>
<tr class="b">
<td align="left"></td>
<td align="left">java.lang.AssertionError: expected:&lt;EQUILATERO&gt; but was:&lt;null&gt;</td></tr>
<tr class="a">
<td align="left"></td>
<td align="left">
<div id="testGetTipoLados-failure"><a href="./xref-test/ISO2_2022_BC02_Testing_P2/Testing_P2/TrianguloTest.html#513">ISO2_2022_BC02_Testing_P2.Testing_P2.TrianguloTest:513</a></div></td></tr>
<tr class="b">
<td align="left"><figure><img src="images/icon_error_sml.gif" alt="" /></figure></td>
<td align="left"><a name="ISO2_2022_BC02_Testing_P2.Testing_P2.TrianguloTest.testSetL2numLong"></a>testSetL2numLong</td></tr>
<tr class="a">
<td align="left"></td>
<td align="left">ISO2_2022_BC02_Testing_P2.Testing_P2.numCero: El lado no puede medir cero.</td></tr>
<tr class="b">
<td align="left"></td>
<td align="left">
<div id="testSetL2numLong-error"><a href="./xref-test/ISO2_2022_BC02_Testing_P2/Testing_P2/TrianguloTest.html#137">ISO2_2022_BC02_Testing_P2.Testing_P2.TrianguloTest:137</a></div></td></tr>
<tr class="a">
<td align="left"><figure><img src="images/icon_error_sml.gif" alt="" /></figure></td>
<td align="left"><a name="ISO2_2022_BC02_Testing_P2.Testing_P2.TrianguloTest.testSetA3numLong"></a>testSetA3numLong</td></tr>
<tr class="b">
<td align="left"></td>
<td align="left">ISO2_2022_BC02_Testing_P2.Testing_P2.anguloNoValido: El &#xe1;ngulo no puede ser 0.</td></tr>
<tr class="a">
<td align="left"></td>
<td align="left">
<div id="testSetA3numLong-error"><a href="./xref-test/ISO2_2022_BC02_Testing_P2/Testing_P2/TrianguloTest.html#483">ISO2_2022_BC02_Testing_P2.Testing_P2.TrianguloTest:483</a></div></td></tr>
<tr class="b">
<td align="left"><figure><img src="images/icon_error_sml.gif" alt="" /></figure></td>
<td align="left"><a name="ISO2_2022_BC02_Testing_P2.Testing_P2.TrianguloTest.testSetL2String"></a>testSetL2String</td></tr>
<tr class="a">
<td align="left"></td>
<td align="left">ISO2_2022_BC02_Testing_P2.Testing_P2.numCero: El lado no puede medir cero.</td></tr>
<tr class="b">
<td align="left"></td>
<td align="left">
<div id="testSetL2String-error"><a href="./xref-test/ISO2_2022_BC02_Testing_P2/Testing_P2/TrianguloTest.html#146">ISO2_2022_BC02_Testing_P2.Testing_P2.TrianguloTest:146</a></div></td></tr>
<tr class="a">
<td align="left"><figure><img src="images/icon_error_sml.gif" alt="" /></figure></td>
<td align="left"><a name="ISO2_2022_BC02_Testing_P2.Testing_P2.TrianguloTest.testComprobarAnguloString"></a>testComprobarAnguloString</td></tr>
<tr class="b">
<td align="left"></td>
<td align="left">ISO2_2022_BC02_Testing_P2.Testing_P2.anguloNoValido: El &#xe1;ngulo no puede ser 0.</td></tr>
<tr class="a">
<td align="left"></td>
<td align="left">
<div id="testComprobarAnguloString-error"><a href="./xref-test/ISO2_2022_BC02_Testing_P2/Testing_P2/TrianguloTest.html#655">ISO2_2022_BC02_Testing_P2.Testing_P2.TrianguloTest:655</a></div></td></tr>
<tr class="b">
<td align="left"><figure><img src="images/icon_error_sml.gif" alt="" /></figure></td>
<td align="left"><a name="ISO2_2022_BC02_Testing_P2.Testing_P2.TrianguloTest.testSetA1numLong"></a>testSetA1numLong</td></tr>
<tr class="a">
<td align="left"></td>
<td align="left">ISO2_2022_BC02_Testing_P2.Testing_P2.anguloNoValido: El &#xe1;ngulo no puede ser 0.</td></tr>
<tr class="b">
<td align="left"></td>
<td align="left">
<div id="testSetA1numLong-error"><a href="./xref-test/ISO2_2022_BC02_Testing_P2/Testing_P2/TrianguloTest.html#322">ISO2_2022_BC02_Testing_P2.Testing_P2.TrianguloTest:322</a></div></td></tr>
<tr class="a">
<td align="left"><figure><img src="images/icon_error_sml.gif" alt="" /></figure></td>
<td align="left"><a name="ISO2_2022_BC02_Testing_P2.Testing_P2.TrianguloTest.testSetL3String"></a>testSetL3String</td></tr>
<tr class="b">
<td align="left"></td>
<td align="left">ISO2_2022_BC02_Testing_P2.Testing_P2.numCero: El lado no puede medir cero.</td></tr>
<tr class="a">
<td align="left"></td>
<td align="left">
<div id="testSetL3String-error"><a href="./xref-test/ISO2_2022_BC02_Testing_P2/Testing_P2/TrianguloTest.html#208">ISO2_2022_BC02_Testing_P2.Testing_P2.TrianguloTest:208</a></div></td></tr>
<tr class="b">
<td align="left"><figure><img src="images/icon_error_sml.gif" alt="" /></figure></td>
<td align="left"><a name="ISO2_2022_BC02_Testing_P2.Testing_P2.TrianguloTest.testComprobarLadoLong"></a>testComprobarLadoLong</td></tr>
<tr class="a">
<td align="left"></td>
<td align="left">ISO2_2022_BC02_Testing_P2.Testing_P2.numCero: El lado no puede medir cero.</td></tr>
<tr class="b">
<td align="left"></td>
<td align="left">
<div id="testComprobarLadoLong-error"><a href="./xref-test/ISO2_2022_BC02_Testing_P2/Testing_P2/TrianguloTest.html#568">ISO2_2022_BC02_Testing_P2.Testing_P2.TrianguloTest:568</a></div></td></tr>
<tr class="a">
<td align="left"><figure><img src="images/icon_error_sml.gif" alt="" /></figure></td>
<td align="left"><a name="ISO2_2022_BC02_Testing_P2.Testing_P2.TrianguloTest.testGetTipoAngulos"></a>testGetTipoAngulos</td></tr>
<tr class="b">
<td align="left"></td>
<td align="left">java.lang.AssertionError: expected:&lt;OBTUSANGULO&gt; but was:&lt;null&gt;</td></tr>
<tr class="a">
<td align="left"></td>
<td align="left">
<div id="testGetTipoAngulos-failure"><a href="./xref-test/ISO2_2022_BC02_Testing_P2/Testing_P2/TrianguloTest.html#492">ISO2_2022_BC02_Testing_P2.Testing_P2.TrianguloTest:492</a></div></td></tr>
<tr class="b">
<td align="left"><figure><img src="images/icon_error_sml.gif" alt="" /></figure></td>
<td align="left"><a name="ISO2_2022_BC02_Testing_P2.Testing_P2.TrianguloTest.testComprobarAnguloLong"></a>testComprobarAnguloLong</td></tr>
<tr class="a">
<td align="left"></td>
<td align="left">ISO2_2022_BC02_Testing_P2.Testing_P2.anguloNoValido: El &#xe1;ngulo no puede ser 0.</td></tr>
<tr class="b">
<td align="left"></td>
<td align="left">
<div id="testComprobarAnguloLong-error"><a href="./xref-test/ISO2_2022_BC02_Testing_P2/Testing_P2/TrianguloTest.html#645">ISO2_2022_BC02_Testing_P2.Testing_P2.TrianguloTest:645</a></div></td></tr>
<tr class="a">
<td align="left"><figure><img src="images/icon_error_sml.gif" alt="" /></figure></td>
<td align="left"><a name="ISO2_2022_BC02_Testing_P2.Testing_P2.TrianguloTest.testSetA1String"></a>testSetA1String</td></tr>
<tr class="b">
<td align="left"></td>
<td align="left">ISO2_2022_BC02_Testing_P2.Testing_P2.anguloNoValido: El &#xe1;ngulo no puede ser 0.</td></tr>
<tr class="a">
<td align="left"></td>
<td align="left">
<div id="testSetA1String-error"><a href="./xref-test/ISO2_2022_BC02_Testing_P2/Testing_P2/TrianguloTest.html#308">ISO2_2022_BC02_Testing_P2.Testing_P2.TrianguloTest:308</a></div></td></tr>
<tr class="b">
<td align="left"><figure><img src="images/icon_error_sml.gif" alt="" /></figure></td>
<td align="left"><a name="ISO2_2022_BC02_Testing_P2.Testing_P2.TrianguloTest.testSetL3numLong"></a>testSetL3numLong</td></tr>
<tr class="a">
<td align="left"></td>
<td align="left">ISO2_2022_BC02_Testing_P2.Testing_P2.numCero: El lado no puede medir cero.</td></tr>
<tr class="b">
<td align="left"></td>
<td align="left">
<div id="testSetL3numLong-error"><a href="./xref-test/ISO2_2022_BC02_Testing_P2/Testing_P2/TrianguloTest.html#199">ISO2_2022_BC02_Testing_P2.Testing_P2.TrianguloTest:199</a></div></td></tr></table><br /></section>
      </div>
    </div>
    <div class="clear">
      <hr/>
    </div>
    <div id="footer">
      <div class="xright">
        Copyright &#169;      2022..      </div>
      <div class="clear">
        <hr/>
      </div>
    </div>
  </body>
</html>
